000.000 =============================================================
000.000                     Station B                               
000.000 -------------------------------------------------------------
000.000 Protocol.lib, version 4.0, jiangyanjun0718@bupt.edu.cn
000.000 Channel: 8000 bps, 270 ms propagation delay, bit error rate 1.0E-005
000.000 Log file "C:\Users\winph\OneDrive\北邮学习资料\大二下学期\计算机网络作业\Lab1-2018(Win+Linux)\Lab1-Windows-VS2017\Example\gobackn-B.log", TCP port 59144, debug mask 0x03
000.000 Station B is connecting station A (TCP port 59144) ... Done.
000.010 New epoch: Mon Apr 19 00:06:20 2021
000.015 =================================================================
000.015 
000.015 Designed by Jiang Yanjun, build: Oct 28 2018  16:37:57
000.015 Protocol Options: Piggybacking (Enabled), NAK (Enabled)
000.015 Send DATA 0 7, ID 20000, Window 0, PHL Queue 0
000.277 Send DATA 1 7, ID 20001, Window 1, PHL Queue 4
000.544 Send DATA 2 7, ID 20002, Window 2, PHL Queue 0
000.604 Recv DATA 0 7, ID 10000
000.784 Send DATA 3 0, ID 20003, Window 3, PHL Queue 46
000.814 Recv DATA 1 7, ID 10001
001.054 Send DATA 4 1, ID 20004, Window 4, PHL Queue 34
001.084 Recv DATA 2 7, ID 10002
001.324 Send DATA 5 2, ID 20005, Window 5, PHL Queue 22
001.354 Recv DATA 3 0, ID 10003
001.594 Send DATA 6 3, ID 20006, Window 5, PHL Queue 10
001.624 Recv DATA 4 1, ID 10004
001.864 Send DATA 7 4, ID 20007, Window 5, PHL Queue 0
001.894 Recv DATA 5 2, ID 10005
002.104 Send DATA 0 5, ID 20008, Window 5, PHL Queue 46
002.134 Recv DATA 6 3, ID 10006
002.370 Send DATA 1 6, ID 20009, Window 5, PHL Queue 42
002.400 Recv DATA 7 4, ID 10007
002.400 .... 8 packets received, 7725 bps, 96.56%, Err 0 (0.0e+000)
002.460 Recv NAK  4
002.656 Send DATA 5 7, ID 20005, Window 0, PHL Queue 0
002.686 Recv DATA 0 4, ID 10008
002.896 Send DATA 6 0, ID 20006, Window 1, PHL Queue 46
002.956 Recv DATA 1 4, ID 10009
003.166 Send DATA 7 1, ID 20007, Window 2, PHL Queue 34
003.226 Recv DATA 2 4, ID 10010
003.430 Send DATA 0 2, ID 20008, Window 3, PHL Queue 34
003.493 Recv DATA 3 4, ID 10011
003.703 Send DATA 1 3, ID 20009, Window 4, PHL Queue 16
003.733 Recv DATA 4 4, ID 10012
003.973 Send DATA 2 4, ID 20010, Window 5, PHL Queue 4
004.003 Recv DATA 5 5, ID 10013
004.238 Send DATA 3 5, ID 20011, Window 5, PHL Queue 2
004.265 Recv DATA 6 6, ID 10014
004.491 Send DATA 4 6, ID 20012, Window 5, PHL Queue 24
004.551 Recv DATA 7 7, ID 10015
004.551 .... 16 packets received, 7670 bps, 95.88%, Err 0 (0.0e+000)
004.761 Send DATA 5 7, ID 20013, Window 5, PHL Queue 12
004.821 Recv DATA 0 0, ID 10016
005.031 Send DATA 6 0, ID 20014, Window 5, PHL Queue 0
005.091 Recv DATA 1 1, ID 10017
005.271 Send DATA 7 1, ID 20015, Window 5, PHL Queue 48
005.361 Recv DATA 2 2, ID 10018
005.541 Send DATA 0 2, ID 20016, Window 5, PHL Queue 36
005.631 Recv DATA 3 3, ID 10019
005.813 Send DATA 1 3, ID 20017, Window 5, PHL Queue 20
005.871 Recv DATA 4 5, ID 10020
006.070 Send DATA 2 4, ID 20018, Window 4, PHL Queue 34
006.157 Recv DATA 5 6, ID 10021
006.353 Send DATA 3 5, ID 20019, Window 4, PHL Queue 0
006.413 Recv DATA 6 6, ID 10022
006.609 Send DATA 4 6, ID 20020, Window 5, PHL Queue 12
006.699 Recv DATA 7 7, ID 10023
006.699 .... 24 packets received, 7656 bps, 95.70%, Err 0 (0.0e+000)
006.879 Send DATA 5 7, ID 20021, Window 5, PHL Queue 0
006.939 Recv DATA 0 0, ID 10024
007.135 Send DATA 6 0, ID 20022, Window 5, PHL Queue 16
007.225 Recv DATA 1 1, ID 10025
007.403 Send DATA 7 1, ID 20023, Window 5, PHL Queue 8
007.463 Recv DATA 2 2, ID 10026
007.673 Send DATA 0 2, ID 20024, Window 5, PHL Queue 0
007.733 Recv DATA 3 3, ID 10027
007.913 Send DATA 1 3, ID 20025, Window 5, PHL Queue 44
008.003 Recv DATA 4 4, ID 10028
008.183 Send DATA 2 4, ID 20026, Window 5, PHL Queue 32
008.243 Recv DATA 5 5, ID 10029
008.453 Send DATA 3 5, ID 20027, Window 5, PHL Queue 20
008.513 Recv DATA 6 7, ID 10030
008.723 Send DATA 4 6, ID 20028, Window 4, PHL Queue 8
008.783 Recv DATA 7 7, ID 10031
008.783 .... 32 packets received, 7706 bps, 96.33%, Err 0 (0.0e+000)
008.993 Send DATA 5 7, ID 20029, Window 5, PHL Queue 0
009.053 Recv DATA 0 0, ID 10032
009.233 Send DATA 6 0, ID 20030, Window 5, PHL Queue 44
009.319 Recv DATA 1 1, ID 10033
009.495 Send DATA 7 1, ID 20031, Window 5, PHL Queue 48
009.555 Recv DATA 2 2, ID 10034
009.765 Send DATA 0 2, ID 20032, Window 5, PHL Queue 36
009.825 Recv DATA 3 3, ID 10035
010.035 Send DATA 1 3, ID 20033, Window 5, PHL Queue 24
010.095 Recv DATA 4 5, ID 10036
010.305 Send DATA 2 4, ID 20034, Window 4, PHL Queue 12
010.365 Recv DATA 5 6, ID 10037
010.575 Send DATA 3 5, ID 20035, Window 4, PHL Queue 0
010.635 Recv DATA 6 6, ID 10038
010.815 Send DATA 4 6, ID 20036, Window 5, PHL Queue 48
010.905 Recv DATA 7 7, ID 10039
010.905 .... 40 packets received, 7709 bps, 96.37%, Err 0 (0.0e+000)
011.085 Send DATA 5 7, ID 20037, Window 5, PHL Queue 36
011.145 Recv DATA 0 0, ID 10040
011.353 Send DATA 6 0, ID 20038, Window 5, PHL Queue 28
011.413 Recv DATA 1 1, ID 10041
011.623 Send DATA 7 1, ID 20039, Window 5, PHL Queue 16
011.653 Recv DATA 2 3, ID 10042
011.893 Send DATA 0 2, ID 20040, Window 4, PHL Queue 4
011.923 Recv DATA 3 3, ID 10043
012.150 Send DATA 1 3, ID 20041, Window 5, PHL Queue 18
012.240 Recv DATA 4 4, ID 10044
012.402 Send DATA 2 4, ID 20042, Window 5, PHL Queue 42
012.492 Recv DATA 5 5, ID 10045
012.668 Send DATA 3 5, ID 20043, Window 5, PHL Queue 38
012.728 Recv DATA 6 6, ID 10046
012.954 Send DATA 4 6, ID 20044, Window 5, PHL Queue 0
013.014 Recv DATA 7 7, ID 10047
013.014 .... 48 packets received, 7719 bps, 96.49%, Err 0 (0.0e+000)
013.194 Send DATA 5 7, ID 20045, Window 5, PHL Queue 42
013.284 Recv DATA 0 1, ID 10048
013.464 Send DATA 6 0, ID 20046, Window 4, PHL Queue 30
013.524 Recv DATA 1 1, ID 10049
013.734 Send DATA 7 1, ID 20047, Window 5, PHL Queue 18
013.794 Recv DATA 2 3, ID 10050
014.004 Send DATA 0 2, ID 20048, Window 4, PHL Queue 6
014.064 Recv DATA 3 3, ID 10051
014.259 Send DATA 1 3, ID 20049, Window 5, PHL Queue 24
014.349 Recv DATA 4 4, ID 10052
014.529 Send DATA 2 4, ID 20050, Window 5, PHL Queue 12
014.589 Recv DATA 5 5, ID 10053
014.799 Send DATA 3 5, ID 20051, Window 5, PHL Queue 0
014.859 Recv DATA 6 6, ID 10054
015.039 Send DATA 4 6, ID 20052, Window 5, PHL Queue 48
015.129 Recv DATA 7 7, ID 10055
015.129 .... 56 packets received, 7723 bps, 96.54%, Err 0 (0.0e+000)
015.309 Send DATA 5 7, ID 20053, Window 5, PHL Queue 36
015.364 Recv DATA 0 0, ID 10056
015.577 Send DATA 6 0, ID 20054, Window 5, PHL Queue 28
015.637 Recv DATA 1 2, ID 10057
015.843 Send DATA 7 1, ID 20055, Window 4, PHL Queue 24
015.903 Recv DATA 2 2, ID 10058
016.113 Send DATA 0 2, ID 20056, Window 5, PHL Queue 12
016.173 Recv DATA 3 3, ID 10059
016.383 Send DATA 1 3, ID 20057, Window 5, PHL Queue 0
016.443 Recv DATA 4 4, ID 10060
016.623 Send DATA 2 4, ID 20058, Window 5, PHL Queue 48
016.713 Recv DATA 5 5, ID 10061
016.893 Send DATA 3 5, ID 20059, Window 5, PHL Queue 36
016.953 Recv DATA 6 6, ID 10062
017.163 Send DATA 4 6, ID 20060, Window 5, PHL Queue 24
017.225 Recv DATA 7 0, ID 10063
017.225 .... 64 packets received, 7735 bps, 96.68%, Err 0 (0.0e+000)
017.435 Send DATA 5 7, ID 20061, Window 4, PHL Queue 8
017.492 Recv DATA 0 1, ID 10064
017.702 Send DATA 6 0, ID 20062, Window 4, PHL Queue 2
017.762 Recv DATA 1 1, ID 10065
017.972 Send DATA 7 1, ID 20063, Window 5, PHL Queue 0
018.032 Recv DATA 2 2, ID 10066
018.212 Send DATA 0 2, ID 20064, Window 5, PHL Queue 38
018.302 Recv DATA 3 3, ID 10067
018.482 Send DATA 1 3, ID 20065, Window 5, PHL Queue 26
018.542 Recv DATA 4 4, ID 10068
018.752 Send DATA 2 4, ID 20066, Window 5, PHL Queue 14
018.812 Recv DATA 5 6, ID 10069
019.022 Send DATA 3 5, ID 20067, Window 4, PHL Queue 2
019.082 Recv DATA 6 6, ID 10070
019.292 Send DATA 4 6, ID 20068, Window 5, PHL Queue 0
019.352 Recv DATA 7 7, ID 10071
019.352 .... 72 packets received, 7731 bps, 96.64%, Err 0 (0.0e+000)
019.529 Send DATA 5 7, ID 20069, Window 5, PHL Queue 44
019.619 Recv DATA 0 0, ID 10072
019.679 Recv NAK  0
019.799 Send DATA 1 0, ID 20065, Window 0, PHL Queue 32
019.859 Recv DATA 1 0, ID 10073
020.069 Send DATA 2 1, ID 20066, Window 1, PHL Queue 20
020.129 Recv DATA 2 0, ID 10074
020.339 Send DATA 3 2, ID 20067, Window 2, PHL Queue 8
020.399 Recv DATA 3 0, ID 10075
020.609 Send DATA 4 3, ID 20068, Window 3, PHL Queue 0
020.669 Recv DATA 4 0, ID 10076
020.864 Send DATA 5 4, ID 20069, Window 4, PHL Queue 14
020.954 Recv DATA 5 0, ID 10077
021.138 Send DATA 6 5, ID 20070, Window 5, PHL Queue 0
021.186 Recv DATA 6 1, ID 10078
021.397 Send DATA 7 6, ID 20071, Window 5, PHL Queue 4
021.487 Recv DATA 7 2, ID 10079
021.487 .... 80 packets received, 7725 bps, 96.57%, Err 0 (0.0e+000)
021.667 Send DATA 0 7, ID 20072, Window 5, PHL Queue 0
021.727 Recv DATA 0 3, ID 10080
021.907 Send DATA 1 0, ID 20073, Window 5, PHL Queue 40
021.997 Recv DATA 1 4, ID 10081
022.174 Send DATA 2 1, ID 20074, Window 5, PHL Queue 34
022.259 Recv DATA 2 5, ID 10082
022.439 Send DATA 3 2, ID 20075, Window 5, PHL Queue 32
022.521 Recv DATA 3 7, ID 10083
022.699 Send DATA 4 3, ID 20076, Window 4, PHL Queue 40
022.759 Recv DATA 4 0, ID 10084
022.969 Send DATA 5 4, ID 20077, Window 4, PHL Queue 28
023.029 Recv DATA 5 0, ID 10085
023.228 Send DATA 6 5, ID 20078, Window 5, PHL Queue 38
023.311 Recv DATA 6 2, ID 10086
023.500 Send DATA 7 6, ID 20079, Window 4, PHL Queue 22
023.545 Recv DATA 7 3, ID 10087
023.545 .... 88 packets received, 7746 bps, 96.83%, Err 0 (0.0e+000)
023.764 Send DATA 0 7, ID 20080, Window 4, PHL Queue 22
023.822 Recv DATA 0 3, ID 10088
024.026 Send DATA 1 0, ID 20081, Window 5, PHL Queue 26
024.084 Recv DATA 1 5, ID 10089
024.286 Send DATA 2 1, ID 20082, Window 4, PHL Queue 34
024.346 Recv DATA 2 6, ID 10090
024.569 Send DATA 3 2, ID 20083, Window 4, PHL Queue 0
024.616 Recv DATA 3 7, ID 10091
024.811 Send DATA 4 3, ID 20084, Window 4, PHL Queue 40
024.896 Recv DATA 4 0, ID 10092
025.084 Send DATA 5 4, ID 20085, Window 4, PHL Queue 22
025.159 Recv DATA 5 0, ID 10093
025.355 Send DATA 6 5, ID 20086, Window 5, PHL Queue 8
025.414 Recv DATA 6 2, ID 10094
025.621 Send DATA 7 6, ID 20087, Window 4, PHL Queue 4
025.681 Recv DATA 7 3, ID 10095
025.681 .... 96 packets received, 7740 bps, 96.75%, Err 0 (0.0e+000)
025.878 Send DATA 0 7, ID 20088, Window 4, PHL Queue 18
025.968 Recv DATA 0 3, ID 10096
026.148 Send DATA 1 0, ID 20089, Window 5, PHL Queue 6
026.208 Recv DATA 1 4, ID 10097
026.418 Send DATA 2 1, ID 20090, Window 5, PHL Queue 0
026.478 Recv DATA 2 5, ID 10098
026.658 Send DATA 3 2, ID 20091, Window 5, PHL Queue 42
026.748 Recv DATA 3 6, ID 10099
026.924 Send DATA 4 3, ID 20092, Window 5, PHL Queue 38
026.988 Recv DATA 4 7, ID 10100
027.184 Send DATA 5 4, ID 20093, Window 5, PHL Queue 46
027.274 Recv DATA 5 1, ID 10101
027.453 Send DATA 6 5, ID 20094, Window 4, PHL Queue 36
027.509 Recv DATA 6 2, ID 10102
027.733 Send DATA 7 6, ID 20095, Window 4, PHL Queue 4
027.789 Recv DATA 7 2, ID 10103
027.789 .... 104 packets received, 7742 bps, 96.78%, Err 0 (0.0e+000)
027.999 Send DATA 0 7, ID 20096, Window 5, PHL Queue 0
028.059 Recv DATA 0 3, ID 10104
028.259 Send DATA 1 0, ID 20097, Window 5, PHL Queue 8
028.346 Recv DATA 1 4, ID 10105
028.524 Send DATA 2 1, ID 20098, Window 5, PHL Queue 6
028.599 Recv DATA 2 5, ID 10106
028.779 Send DATA 3 2, ID 20099, Window 5, PHL Queue 24
028.884 Recv DATA 3 7, ID 10107
029.031 Send DATA 4 3, ID 20100, Window 4, PHL Queue 48
029.117 Recv DATA 4 7, ID 10108
029.320 Send DATA 5 4, ID 20101, Window 5, PHL Queue 0
029.379 Recv DATA 5 0, ID 10109
029.576 Send DATA 6 5, ID 20102, Window 5, PHL Queue 14
029.666 Recv DATA 6 1, ID 10110
029.846 Send DATA 7 6, ID 20103, Window 5, PHL Queue 2
029.906 Recv DATA 7 2, ID 10111
029.906 .... 112 packets received, 7742 bps, 96.78%, Err 0 (0.0e+000)
030.114 Send DATA 0 7, ID 20104, Window 5, PHL Queue 0
030.174 Recv DATA 0 3, ID 10112
030.379 Send DATA 1 0, ID 20105, Window 5, PHL Queue 0
030.440 Recv DATA 1 4, ID 10113
030.616 Send DATA 2 1, ID 20106, Window 5, PHL Queue 46
030.679 Recv DATA 2 5, ID 10114
030.899 Send DATA 3 2, ID 20107, Window 5, PHL Queue 8
030.959 Recv DATA 3 6, ID 10115
031.166 Send DATA 4 3, ID 20108, Window 5, PHL Queue 2
031.221 Recv DATA 4 7, ID 10116
031.414 Send DATA 5 4, ID 20109, Window 5, PHL Queue 34
031.498 Recv DATA 5 0, ID 10117
031.694 Send DATA 6 5, ID 20110, Window 5, PHL Queue 2
031.752 Recv DATA 6 1, ID 10118
031.963 Send DATA 7 6, ID 20111, Window 5, PHL Queue 0
032.026 Recv DATA 7 2, ID 10119
032.026 .... 120 packets received, 7741 bps, 96.77%, Err 1 (3.9e-006)
032.225 Send DATA 0 7, ID 20112, Window 5, PHL Queue 0
032.285 Recv DATA 0 3, ID 10120
032.476 Send DATA 1 0, ID 20113, Window 5, PHL Queue 22
032.566 Receiver Error 1: Bad CRC Checksum
032.566 Send NAK  0
032.746 Send DATA 2 0, ID 20114, Window 6, PHL Queue 24
032.794 Recv DATA 2 6, ID 10122
033.003 Send DATA 3 0, ID 20115, Window 4, PHL Queue 38
033.063 Recv DATA 3 6, ID 10123
033.289 Send DATA 4 0, ID 20116, Window 5, PHL Queue 0
033.336 Recv DATA 4 7, ID 10124
033.544 Send DATA 5 0, ID 20117, Window 5, PHL Queue 12
033.599 Recv DATA 5 0, ID 10125
033.806 Send DATA 6 0, ID 20118, Window 5, PHL Queue 16
033.866 Recv DATA 1 1, ID 10121
034.061 Send DATA 7 1, ID 20119, Window 5, PHL Queue 34
034.146 Recv DATA 2 2, ID 10122
034.146 .... 123 packets received, 7438 bps, 92.98%, Err 2 (7.3e-006)
034.336 Send DATA 0 2, ID 20120, Window 5, PHL Queue 12
034.394 Recv DATA 3 3, ID 10123
034.585 Send DATA 1 3, ID 20121, Window 5, PHL Queue 42
034.672 Recv DATA 4 4, ID 10124
034.859 Send DATA 2 4, ID 20122, Window 5, PHL Queue 22
034.914 Recv DATA 5 5, ID 10125
035.124 Send DATA 3 5, ID 20123, Window 5, PHL Queue 20
035.184 Recv DATA 6 6, ID 10126
035.386 Send DATA 4 6, ID 20124, Window 5, PHL Queue 24
035.471 Recv DATA 7 7, ID 10127
035.654 Send DATA 5 7, ID 20125, Window 5, PHL Queue 16
035.714 Recv DATA 0 0, ID 10128
035.911 Send DATA 6 0, ID 20126, Window 5, PHL Queue 30
036.001 Recv DATA 1 1, ID 10129
036.181 Send DATA 7 1, ID 20127, Window 5, PHL Queue 18
036.241 Recv DATA 2 2, ID 10130
036.241 .... 131 packets received, 7460 bps, 93.25%, Err 2 (6.9e-006)
036.430 Send DATA 0 2, ID 20128, Window 5, PHL Queue 48
036.510 Recv DATA 3 3, ID 10131
036.702 Send DATA 1 3, ID 20129, Window 5, PHL Queue 32
036.734 Recv DATA 4 4, ID 10132
036.958 Send DATA 2 4, ID 20130, Window 5, PHL Queue 48
037.006 Recv DATA 5 5, ID 10133
037.228 Send DATA 3 5, ID 20131, Window 5, PHL Queue 36
037.276 Recv DATA 6 6, ID 10134
037.498 Send DATA 4 6, ID 20132, Window 5, PHL Queue 24
037.530 Recv DATA 7 7, ID 10135
037.752 Send DATA 5 7, ID 20133, Window 5, PHL Queue 44
037.800 Recv DATA 0 0, ID 10136
038.024 Send DATA 6 0, ID 20134, Window 5, PHL Queue 28
038.070 Recv DATA 1 1, ID 10137
038.290 Send DATA 7 1, ID 20135, Window 5, PHL Queue 24
038.338 Recv DATA 2 2, ID 10138
038.339 .... 139 packets received, 7480 bps, 93.50%, Err 2 (6.5e-006)
038.546 Send DATA 0 2, ID 20136, Window 5, PHL Queue 40
038.594 Recv DATA 3 3, ID 10139
038.816 Send DATA 1 3, ID 20137, Window 5, PHL Queue 28
038.848 Recv DATA 4 4, ID 10140
039.072 Send DATA 2 4, ID 20138, Window 5, PHL Queue 44
039.118 Recv DATA 5 5, ID 10141
039.150 Recv NAK  5
039.338 Send DATA 6 5, ID 20134, Window 0, PHL Queue 40
039.384 Recv DATA 6 5, ID 10142
039.605 Send DATA 7 6, ID 20135, Window 1, PHL Queue 34
039.653 Receiver Error 2: Bad CRC Checksum
039.653 Send NAK  6
039.875 Send DATA 0 6, ID 20136, Window 2, PHL Queue 36
039.923 Recv DATA 0 5, ID 10144
040.145 Send DATA 1 6, ID 20137, Window 3, PHL Queue 24
040.193 Recv DATA 1 5, ID 10145
040.399 Send DATA 2 6, ID 20138, Window 4, PHL Queue 44
040.479 Recv DATA 2 5, ID 10146
040.671 Send DATA 3 6, ID 20139, Window 5, PHL Queue 28
040.719 Recv DATA 3 6, ID 10147
040.925 Send DATA 4 6, ID 20140, Window 5, PHL Queue 48
041.002 Recv DATA 7 7, ID 10143
041.003 .... 144 packets received, 7242 bps, 90.52%, Err 3 (9.2e-006)
041.192 Send DATA 5 7, ID 20141, Window 5, PHL Queue 42
041.254 Recv DATA 0 0, ID 10144
041.462 Send DATA 6 0, ID 20142, Window 5, PHL Queue 30
041.526 Recv DATA 1 1, ID 10145
041.732 Send DATA 7 1, ID 20143, Window 5, PHL Queue 18
041.764 Recv DATA 2 2, ID 10146
041.986 Send DATA 0 2, ID 20144, Window 5, PHL Queue 38
042.034 Recv DATA 3 3, ID 10147
042.258 Send DATA 1 3, ID 20145, Window 5, PHL Queue 22
042.306 Recv DATA 4 4, ID 10148
042.512 Send DATA 2 4, ID 20146, Window 5, PHL Queue 42
042.575 Recv DATA 5 5, ID 10149
042.783 Send DATA 3 5, ID 20147, Window 5, PHL Queue 28
042.847 Recv DATA 6 6, ID 10150
043.058 Send DATA 4 6, ID 20148, Window 5, PHL Queue 6
043.088 Recv DATA 7 7, ID 10151
043.088 .... 152 packets received, 7272 bps, 90.90%, Err 3 (8.7e-006)
043.329 Send DATA 5 7, ID 20149, Window 5, PHL Queue 0
043.359 Recv DATA 0 0, ID 10152
043.587 Send DATA 6 0, ID 20150, Window 5, PHL Queue 4
043.644 Recv DATA 1 1, ID 10153
043.844 Send DATA 7 1, ID 20151, Window 5, PHL Queue 18
043.904 Recv DATA 2 2, ID 10154
044.094 Send DATA 0 2, ID 20152, Window 5, PHL Queue 46
044.181 Recv DATA 3 3, ID 10155
044.362 Send DATA 1 3, ID 20153, Window 5, PHL Queue 38
044.449 Recv DATA 4 4, ID 10156
044.629 Send DATA 2 4, ID 20154, Window 5, PHL Queue 32
044.704 Receiver Error 3: Bad CRC Checksum
044.704 Send NAK  4
044.904 Send DATA 3 4, ID 20155, Window 6, PHL Queue 24
044.962 Recv DATA 6 7, ID 10158
045.178 Send DATA 4 4, ID 20156, Window 4, PHL Queue 4
045.205 Receiver Error 4: Bad CRC Checksum
045.446 Send DATA 5 4, ID 20157, Window 5, PHL Queue 0
045.476 Recv DATA 0 0, ID 10160
045.695 Send DATA 6 4, ID 20158, Window 5, PHL Queue 26
045.724 Recv DATA 1 1, ID 10161
045.949 Send DATA 7 4, ID 20159, Window 5, PHL Queue 46
045.999 Recv DATA 5 2, ID 10157
045.999 .... 158 packets received, 7078 bps, 88.47%, Err 5 (1.4e-005)
046.226 Send DATA 0 5, ID 20160, Window 5, PHL Queue 20
046.286 Recv DATA 6 3, ID 10158
046.481 Send DATA 1 6, ID 20161, Window 5, PHL Queue 38
046.571 Recv DATA 7 4, ID 10159
046.747 Send DATA 2 7, ID 20162, Window 5, PHL Queue 34
046.809 Recv DATA 0 5, ID 10160
047.018 Send DATA 3 0, ID 20163, Window 5, PHL Queue 20
047.078 Recv DATA 1 6, ID 10161
047.286 Send DATA 4 1, ID 20164, Window 5, PHL Queue 12
047.318 Recv DATA 2 7, ID 10162
047.538 Send DATA 5 2, ID 20165, Window 5, PHL Queue 36
047.594 Recv DATA 3 0, ID 10163
047.801 Send DATA 6 3, ID 20166, Window 5, PHL Queue 38
047.856 Recv DATA 4 1, ID 10164
048.061 Send DATA 7 4, ID 20167, Window 5, PHL Queue 46
048.125 Recv DATA 5 2, ID 10165
048.125 .... 166 packets received, 7105 bps, 88.82%, Err 5 (1.3e-005)
048.349 Send DATA 0 5, ID 20168, Window 5, PHL Queue 0
048.379 Recv DATA 6 3, ID 10166
048.601 Send DATA 1 6, ID 20169, Window 5, PHL Queue 22
048.629 Recv DATA 7 4, ID 10167
048.876 Send DATA 2 7, ID 20170, Window 5, PHL Queue 0
048.905 Recv DATA 0 5, ID 10168
049.131 Send DATA 3 0, ID 20171, Window 5, PHL Queue 18
049.161 Recv DATA 1 6, ID 10169
049.404 Send DATA 4 1, ID 20172, Window 5, PHL Queue 0
049.434 Recv DATA 2 7, ID 10170
049.665 Recv DATA 3 0, ID 10171
049.665 Send DATA 5 3, ID 20173, Window 4, PHL Queue 6
049.914 Send DATA 6 3, ID 20174, Window 5, PHL Queue 36
049.972 Recv DATA 4 1, ID 10172
050.179 Send DATA 7 4, ID 20175, Window 5, PHL Queue 34
050.236 Recv DATA 5 3, ID 10173
050.236 .... 174 packets received, 7133 bps, 89.16%, Err 5 (1.2e-005)
050.446 Send DATA 0 5, ID 20176, Window 4, PHL Queue 28
050.506 Recv DATA 6 3, ID 10174
050.716 Send DATA 1 6, ID 20177, Window 5, PHL Queue 16
050.776 Recv DATA 7 4, ID 10175
050.836 Recv NAK  4
050.985 Send DATA 5 7, ID 20173, Window 0, PHL Queue 6
051.042 Recv DATA 0 4, ID 10176
051.253 Send DATA 6 0, ID 20174, Window 1, PHL Queue 0
051.313 Recv DATA 1 4, ID 10177
051.493 Send DATA 7 1, ID 20175, Window 2, PHL Queue 46
051.584 Recv DATA 2 4, ID 10178
051.779 Send DATA 0 2, ID 20176, Window 3, PHL Queue 2
051.839 Recv DATA 3 4, ID 10179
052.049 Send DATA 1 3, ID 20177, Window 4, PHL Queue 0
052.079 Recv DATA 4 5, ID 10180
052.304 Send DATA 2 4, ID 20178, Window 4, PHL Queue 8
052.391 Recv DATA 5 5, ID 10181
052.392 .... 182 packets received, 7153 bps, 89.41%, Err 5 (1.2e-005)
052.569 Send DATA 3 5, ID 20179, Window 5, PHL Queue 6
052.629 Recv DATA 6 6, ID 10182
052.824 Send DATA 4 6, ID 20180, Window 5, PHL Queue 24
052.914 Recv DATA 7 7, ID 10183
053.081 Send DATA 5 7, ID 20181, Window 5, PHL Queue 38
053.169 Recv DATA 0 0, ID 10184
053.349 Send DATA 6 0, ID 20182, Window 5, PHL Queue 30
053.409 Recv DATA 1 1, ID 10185
053.604 Send DATA 7 1, ID 20183, Window 5, PHL Queue 48
053.691 Recv DATA 2 2, ID 10186
053.894 Send DATA 0 2, ID 20184, Window 5, PHL Queue 0
053.924 Recv DATA 3 3, ID 10187
054.149 Send DATA 1 3, ID 20185, Window 5, PHL Queue 14
054.209 Recv DATA 4 4, ID 10188
054.402 Send DATA 2 4, ID 20186, Window 5, PHL Queue 36
054.491 Recv DATA 5 5, ID 10189
054.491 .... 190 packets received, 7178 bps, 89.72%, Err 5 (1.1e-005)
054.673 Send DATA 3 5, ID 20187, Window 5, PHL Queue 22
054.729 Recv DATA 6 6, ID 10190
054.939 Send DATA 4 6, ID 20188, Window 5, PHL Queue 18
055.000 Recv DATA 7 7, ID 10191
055.196 Send DATA 5 7, ID 20189, Window 5, PHL Queue 32
055.254 Recv DATA 0 0, ID 10192
055.476 Send DATA 6 0, ID 20190, Window 5, PHL Queue 0
055.536 Recv DATA 1 1, ID 10193
055.716 Send DATA 7 1, ID 20191, Window 5, PHL Queue 48
055.807 Recv DATA 2 2, ID 10194
055.999 Send DATA 0 2, ID 20192, Window 5, PHL Queue 10
056.059 Recv DATA 3 3, ID 10195
056.264 Send DATA 1 3, ID 20193, Window 5, PHL Queue 8
056.294 Recv DATA 4 4, ID 10196
056.535 Send DATA 2 4, ID 20194, Window 5, PHL Queue 0
056.564 Recv DATA 5 5, ID 10197
056.564 .... 198 packets received, 7204 bps, 90.06%, Err 6 (1.3e-005)
056.799 Send DATA 3 5, ID 20195, Window 5, PHL Queue 0
056.830 Recv DATA 6 6, ID 10198
057.039 Send DATA 4 6, ID 20196, Window 5, PHL Queue 42
057.130 Recv DATA 7 7, ID 10199
057.309 Send DATA 5 7, ID 20197, Window 5, PHL Queue 30
057.369 Recv DATA 0 1, ID 10200
057.572 Send DATA 6 0, ID 20198, Window 4, PHL Queue 32
057.629 Recv DATA 1 1, ID 10201
057.844 Send DATA 7 1, ID 20199, Window 5, PHL Queue 16
057.901 Recv DATA 2 2, ID 10202
058.125 Send DATA 0 2, ID 20200, Window 5, PHL Queue 0
058.181 Recv DATA 3 3, ID 10203
058.371 Send DATA 1 3, ID 20201, Window 5, PHL Queue 18
058.401 Recv DATA 4 4, ID 10204
058.629 Send DATA 2 4, ID 20202, Window 5, PHL Queue 30
058.686 Recv DATA 5 5, ID 10205
058.686 .... 206 packets received, 7223 bps, 90.29%, Err 6 (1.3e-005)
058.886 Send DATA 3 5, ID 20203, Window 5, PHL Queue 44
058.949 Recv DATA 6 6, ID 10206
059.174 Send DATA 4 6, ID 20204, Window 5, PHL Queue 0
059.235 Recv DATA 7 7, ID 10207
059.429 Send DATA 5 7, ID 20205, Window 5, PHL Queue 14
059.521 Recv DATA 0 0, ID 10208
059.676 Send DATA 6 0, ID 20206, Window 5, PHL Queue 48
059.761 Recv DATA 1 1, ID 10209
059.961 Send DATA 7 1, ID 20207, Window 5, PHL Queue 6
060.021 Recv DATA 2 2, ID 10210
060.224 Send DATA 0 2, ID 20208, Window 5, PHL Queue 8
060.289 Recv DATA 3 3, ID 10211
060.484 Send DATA 1 3, ID 20209, Window 5, PHL Queue 16
060.539 Recv DATA 4 4, ID 10212
060.759 Send DATA 2 4, ID 20210, Window 5, PHL Queue 0
060.819 Recv DATA 5 5, ID 10213
060.819 .... 214 packets received, 7239 bps, 90.49%, Err 6 (1.2e-005)
061.001 Send DATA 3 5, ID 20211, Window 5, PHL Queue 38
061.091 Recv DATA 6 6, ID 10214
061.271 Send DATA 4 6, ID 20212, Window 5, PHL Queue 26
061.331 Recv DATA 7 7, ID 10215
061.541 Send DATA 5 7, ID 20213, Window 5, PHL Queue 14
061.601 Recv DATA 0 0, ID 10216
061.794 Send DATA 6 0, ID 20214, Window 5, PHL Queue 36
061.854 Recv DATA 1 1, ID 10217
062.074 Send DATA 7 1, ID 20215, Window 5, PHL Queue 4
062.134 Recv DATA 2 2, ID 10218
062.339 Send DATA 0 2, ID 20216, Window 5, PHL Queue 2
062.401 Recv DATA 3 3, ID 10219
062.609 Send DATA 1 3, ID 20217, Window 5, PHL Queue 0
062.639 Recv DATA 4 4, ID 10220
062.849 Send DATA 2 4, ID 20218, Window 5, PHL Queue 38
062.906 Recv DATA 5 5, ID 10221
062.906 .... 222 packets received, 7260 bps, 90.75%, Err 6 (1.2e-005)
063.131 Send DATA 3 5, ID 20219, Window 5, PHL Queue 2
063.188 Recv DATA 6 6, ID 10222
063.394 Send DATA 4 6, ID 20220, Window 5, PHL Queue 4
063.470 Recv DATA 7 7, ID 10223
063.664 Send DATA 5 7, ID 20221, Window 5, PHL Queue 0
063.724 Recv DATA 0 0, ID 10224
063.918 Send DATA 6 0, ID 20222, Window 5, PHL Queue 12
064.008 Recv DATA 1 1, ID 10225
064.169 Send DATA 7 1, ID 20223, Window 5, PHL Queue 38
064.244 Recv DATA 2 2, ID 10226
064.446 Send DATA 0 2, ID 20224, Window 5, PHL Queue 12
064.506 Recv DATA 3 3, ID 10227
064.709 Send DATA 1 3, ID 20225, Window 5, PHL Queue 14
064.791 Recv DATA 4 4, ID 10228
064.969 Send DATA 2 4, ID 20226, Window 5, PHL Queue 22
065.032 Recv DATA 5 5, ID 10229
065.032 .... 230 packets received, 7274 bps, 90.93%, Err 6 (1.2e-005)
065.243 Send DATA 3 5, ID 20227, Window 5, PHL Queue 2
065.273 Recv DATA 6 6, ID 10230
065.513 Send DATA 4 6, ID 20228, Window 5, PHL Queue 0
065.543 Recv DATA 7 7, ID 10231
065.753 Send DATA 5 7, ID 20229, Window 5, PHL Queue 38
065.813 Recv DATA 0 0, ID 10232
066.019 Send DATA 6 0, ID 20230, Window 5, PHL Queue 34
066.076 Recv DATA 1 1, ID 10233
066.286 Send DATA 7 1, ID 20231, Window 5, PHL Queue 28
066.344 Recv DATA 2 2, ID 10234
066.559 Send DATA 0 2, ID 20232, Window 5, PHL Queue 10
066.619 Recv DATA 3 3, ID 10235
066.824 Send DATA 1 3, ID 20233, Window 5, PHL Queue 8
066.881 Recv DATA 4 4, ID 10236
067.079 Send DATA 2 4, ID 20234, Window 5, PHL Queue 26
067.164 Recv DATA 5 5, ID 10237
067.164 .... 238 packets received, 7287 bps, 91.09%, Err 6 (1.1e-005)
067.344 Send DATA 3 5, ID 20235, Window 5, PHL Queue 24
067.402 Recv DATA 6 6, ID 10238
067.432 Recv NAK  6
067.623 Send DATA 7 6, ID 20231, Window 0, PHL Queue 0
067.681 Recv DATA 7 6, ID 10239
067.864 Send DATA 0 7, ID 20232, Window 1, PHL Queue 40
067.949 Recv DATA 0 6, ID 10240
068.131 Send DATA 1 0, ID 20233, Window 2, PHL Queue 34
068.229 Recv DATA 1 6, ID 10241
068.401 Send DATA 2 1, ID 20234, Window 3, PHL Queue 22
068.431 Recv DATA 2 6, ID 10242
068.679 Send DATA 3 2, ID 20235, Window 4, PHL Queue 0
068.736 Recv DATA 3 6, ID 10243
068.936 Send DATA 4 3, ID 20236, Window 5, PHL Queue 8
068.992 Receiver Error 5: Bad CRC Checksum
068.992 Send NAK  3
069.199 Send DATA 5 3, ID 20237, Window 6, PHL Queue 24
069.271 Recv DATA 5 1, ID 10245
069.459 Send DATA 6 3, ID 20238, Window 4, PHL Queue 32
069.519 Recv DATA 6 1, ID 10246
069.716 Send DATA 7 3, ID 20239, Window 5, PHL Queue 46
069.779 Recv DATA 7 2, ID 10247
069.984 Send DATA 0 3, ID 20240, Window 5, PHL Queue 38
070.045 Recv DATA 0 3, ID 10248
070.269 Send DATA 1 3, ID 20241, Window 5, PHL Queue 0
070.326 Recv DATA 4 4, ID 10244
070.326 .... 245 packets received, 7163 bps, 89.54%, Err 7 (1.2e-005)
070.530 Send DATA 2 4, ID 20242, Window 5, PHL Queue 2
070.589 Recv DATA 5 6, ID 10245
070.799 Send DATA 3 5, ID 20243, Window 4, PHL Queue 0
070.829 Recv DATA 6 6, ID 10246
071.035 Send DATA 4 6, ID 20244, Window 5, PHL Queue 48
071.096 Recv DATA 7 0, ID 10247
071.306 Send DATA 5 7, ID 20245, Window 4, PHL Queue 34
071.366 Recv DATA 0 0, ID 10248
071.576 Send DATA 6 0, ID 20246, Window 5, PHL Queue 22
071.636 Receiver Error 6: Bad CRC Checksum
071.636 Send NAK  0
071.846 Send DATA 7 0, ID 20247, Window 6, PHL Queue 24
071.906 Recv DATA 2 2, ID 10250
072.116 Send DATA 0 0, ID 20248, Window 5, PHL Queue 12
072.176 Recv DATA 3 3, ID 10251
072.386 Send DATA 1 0, ID 20249, Window 5, PHL Queue 0
072.446 Recv DATA 4 4, ID 10252
072.641 Send DATA 2 0, ID 20250, Window 5, PHL Queue 18
072.671 Recv DATA 5 5, ID 10253
072.909 Send DATA 3 0, ID 20251, Window 5, PHL Queue 10
072.939 Recv DATA 1 6, ID 10249
072.939 .... 250 packets received, 7047 bps, 88.08%, Err 8 (1.4e-005)
073.179 Send DATA 4 1, ID 20252, Window 5, PHL Queue 0
073.209 Recv DATA 2 7, ID 10250
073.426 Send DATA 5 2, ID 20253, Window 5, PHL Queue 32
073.459 Recv DATA 3 0, ID 10251
073.697 Send DATA 6 3, ID 20254, Window 5, PHL Queue 18
073.727 Recv DATA 4 1, ID 10252
073.955 Send DATA 7 4, ID 20255, Window 5, PHL Queue 30
074.014 Recv DATA 5 2, ID 10253
074.239 Send DATA 0 5, ID 20256, Window 5, PHL Queue 0
074.299 Recv DATA 6 3, ID 10254
074.499 Recv DATA 7 4, ID 10255
074.499 Send DATA 1 7, ID 20257, Window 4, PHL Queue 0
074.751 Send DATA 2 7, ID 20258, Window 5, PHL Queue 22
074.779 Recv DATA 0 5, ID 10256
075.024 Send DATA 3 0, ID 20259, Window 5, PHL Queue 4
075.055 Recv DATA 1 7, ID 10257
075.055 .... 258 packets received, 7066 bps, 88.33%, Err 9 (1.5e-005)
075.294 Send DATA 4 1, ID 20260, Window 4, PHL Queue 0
075.323 Receiver Error 7: Bad CRC Checksum
075.323 Send NAK  1
075.546 Send DATA 5 1, ID 20261, Window 5, PHL Queue 30
075.576 Recv DATA 3 0, ID 10259
075.829 Send DATA 6 1, ID 20262, Window 5, PHL Queue 0
075.856 Recv DATA 4 1, ID 10260
076.066 Send DATA 7 1, ID 20263, Window 5, PHL Queue 46
076.126 Recv DATA 5 2, ID 10261
076.356 Send DATA 0 1, ID 20264, Window 5, PHL Queue 0
076.411 Recv DATA 6 3, ID 10262
076.621 Recv DATA 2 4, ID 10258
076.621 Send DATA 1 2, ID 20265, Window 4, PHL Queue 0
076.864 Send DATA 2 2, ID 20266, Window 5, PHL Queue 34
076.894 Recv DATA 3 5, ID 10259
077.134 Send DATA 3 3, ID 20267, Window 5, PHL Queue 22
077.163 Recv DATA 4 6, ID 10260
077.163 .... 261 packets received, 6952 bps, 86.90%, Err 9 (1.5e-005)
077.404 Send DATA 4 4, ID 20268, Window 5, PHL Queue 10
077.431 Recv DATA 5 7, ID 10261
077.662 Send DATA 5 5, ID 20269, Window 5, PHL Queue 22
077.723 Recv DATA 6 0, ID 10262
077.918 Send DATA 6 6, ID 20270, Window 5, PHL Queue 38
077.978 Recv DATA 7 1, ID 10263
078.198 Send DATA 7 7, ID 20271, Window 5, PHL Queue 6
078.259 Recv DATA 0 2, ID 10264
078.469 Recv DATA 1 3, ID 10265
078.470 Send DATA 0 1, ID 20272, Window 4, PHL Queue 0
078.734 Recv DATA 2 4, ID 10266
078.734 Send DATA 1 2, ID 20273, Window 4, PHL Queue 0
078.988 Send DATA 2 2, ID 20274, Window 5, PHL Queue 10
079.018 Recv DATA 3 5, ID 10267
079.259 Recv DATA 4 6, ID 10268
079.259 .... 269 packets received, 6975 bps, 87.19%, Err 9 (1.4e-005)
079.259 Send DATA 3 4, ID 20275, Window 4, PHL Queue 0
079.499 Send DATA 4 4, ID 20276, Window 5, PHL Queue 44
079.531 Recv DATA 5 7, ID 10269
079.761 Send DATA 5 5, ID 20277, Window 5, PHL Queue 48
079.791 Recv DATA 6 0, ID 10270
080.029 Send DATA 6 6, ID 20278, Window 5, PHL Queue 40
080.059 Recv DATA 7 1, ID 10271
080.294 Send DATA 7 7, ID 20279, Window 5, PHL Queue 38
080.324 Recv DATA 0 2, ID 10272
080.564 Send DATA 0 0, ID 20280, Window 5, PHL Queue 26
080.594 Recv DATA 1 3, ID 10273
080.832 Send DATA 1 1, ID 20281, Window 5, PHL Queue 18
080.864 Recv DATA 2 4, ID 10274
081.099 Send DATA 2 2, ID 20282, Window 5, PHL Queue 12
081.129 Recv DATA 3 5, ID 10275
081.356 Send DATA 3 3, ID 20283, Window 5, PHL Queue 26
081.384 Recv DATA 4 6, ID 10276
081.384 .... 277 packets received, 6995 bps, 87.43%, Err 9 (1.4e-005)
081.616 Send DATA 4 4, ID 20284, Window 5, PHL Queue 34
081.646 Recv DATA 5 7, ID 10277
081.874 Send DATA 5 5, ID 20285, Window 5, PHL Queue 46
081.934 Recv DATA 6 0, ID 10278
082.157 Send DATA 6 6, ID 20286, Window 5, PHL Queue 8
082.215 Recv DATA 7 1, ID 10279
082.409 Send DATA 7 7, ID 20287, Window 5, PHL Queue 32
082.470 Recv DATA 0 2, ID 10280
082.669 Send DATA 0 0, ID 20288, Window 5, PHL Queue 40
082.699 Recv DATA 1 3, ID 10281
082.954 Send DATA 1 1, ID 20289, Window 5, PHL Queue 0
082.984 Recv DATA 2 4, ID 10282
083.196 Send DATA 2 2, ID 20290, Window 5, PHL Queue 42
083.226 Recv DATA 3 5, ID 10283
083.480 Send DATA 3 3, ID 20291, Window 5, PHL Queue 2
083.506 Recv DATA 4 6, ID 10284
083.506 .... 285 packets received, 7013 bps, 87.66%, Err 9 (1.3e-005)
083.566 Recv NAK  6
083.746 Send DATA 7 4, ID 20287, Window 0, PHL Queue 0
083.776 Recv DATA 5 6, ID 10285
084.013 Recv DATA 6 6, ID 10286
084.013 Send DATA 0 6, ID 20288, Window 1, PHL Queue 0
084.268 Send DATA 1 6, ID 20289, Window 2, PHL Queue 10
084.299 Recv DATA 7 6, ID 10287
084.539 Send DATA 2 7, ID 20290, Window 3, PHL Queue 0
084.569 Recv DATA 0 6, ID 10288
084.779 Send DATA 3 0, ID 20291, Window 4, PHL Queue 44
084.828 Recv DATA 1 6, ID 10289
085.064 Send DATA 4 1, ID 20292, Window 5, PHL Queue 2
085.094 Recv DATA 2 7, ID 10290
085.154 Recv NAK  7
085.334 Send DATA 0 2, ID 20288, Window 0, PHL Queue 0
085.364 Recv DATA 3 7, ID 10291
085.584 Send DATA 1 3, ID 20289, Window 1, PHL Queue 18
085.644 Recv DATA 4 7, ID 10292
085.644 .... 293 packets received, 7029 bps, 87.87%, Err 9 (1.3e-005)
085.858 Send DATA 2 4, ID 20290, Window 2, PHL Queue 0
085.914 Recv DATA 5 7, ID 10293
086.124 Send DATA 3 5, ID 20291, Window 3, PHL Queue 0
086.184 Recv DATA 6 7, ID 10294
086.362 Send DATA 4 6, ID 20292, Window 4, PHL Queue 46
086.466 Recv DATA 7 7, ID 10295
086.642 Send DATA 5 7, ID 20293, Window 5, PHL Queue 14
086.699 Recv DATA 0 0, ID 10296
086.916 Send DATA 6 0, ID 20294, Window 5, PHL Queue 0
086.975 Recv DATA 1 2, ID 10297
087.166 Send DATA 7 1, ID 20295, Window 4, PHL Queue 22
087.249 Recv DATA 2 2, ID 10298
087.429 Send DATA 0 2, ID 20296, Window 5, PHL Queue 24
087.504 Recv DATA 3 3, ID 10299
087.684 Send DATA 1 3, ID 20297, Window 5, PHL Queue 42
087.747 Recv DATA 4 4, ID 10300
087.747 .... 301 packets received, 7048 bps, 88.10%, Err 9 (1.3e-005)
087.947 Send DATA 2 4, ID 20298, Window 5, PHL Queue 44
088.026 Recv DATA 5 5, ID 10301
088.234 Send DATA 3 5, ID 20299, Window 5, PHL Queue 0
088.262 Recv DATA 6 6, ID 10302
088.499 Send DATA 4 6, ID 20300, Window 5, PHL Queue 0
088.529 Recv DATA 7 0, ID 10303
088.762 Send DATA 5 7, ID 20301, Window 4, PHL Queue 0
088.789 Recv DATA 0 0, ID 10304
089.017 Send DATA 6 0, ID 20302, Window 5, PHL Queue 16
089.076 Recv DATA 1 2, ID 10305
089.284 Send DATA 7 1, ID 20303, Window 4, PHL Queue 10
089.342 Recv DATA 2 3, ID 10306
089.551 Send DATA 0 2, ID 20304, Window 4, PHL Queue 4
089.611 Recv DATA 3 3, ID 10307
089.821 Send DATA 1 3, ID 20305, Window 5, PHL Queue 0
089.881 Recv DATA 4 4, ID 10308
089.882 .... 309 packets received, 7063 bps, 88.28%, Err 9 (1.3e-005)
090.076 Send DATA 2 4, ID 20306, Window 5, PHL Queue 10
090.166 Recv DATA 5 5, ID 10309
090.346 Send DATA 3 5, ID 20307, Window 5, PHL Queue 0
090.406 Recv DATA 6 6, ID 10310
090.586 Send DATA 4 6, ID 20308, Window 5, PHL Queue 46
090.676 Recv DATA 7 7, ID 10311
090.857 Send DATA 5 7, ID 20309, Window 5, PHL Queue 32
090.917 Recv DATA 0 0, ID 10312
091.124 Send DATA 6 0, ID 20310, Window 5, PHL Queue 26
091.187 Recv DATA 1 2, ID 10313
091.397 Send DATA 7 1, ID 20311, Window 4, PHL Queue 8
091.457 Recv DATA 2 2, ID 10314
091.656 Send DATA 0 2, ID 20312, Window 5, PHL Queue 18
091.746 Recv DATA 3 3, ID 10315
091.909 Send DATA 1 3, ID 20313, Window 5, PHL Queue 40
091.999 Recv DATA 4 4, ID 10316
091.999 .... 317 packets received, 7078 bps, 88.48%, Err 9 (1.2e-005)
092.176 Send DATA 2 4, ID 20314, Window 5, PHL Queue 34
092.236 Recv DATA 5 5, ID 10317
092.445 Send DATA 3 5, ID 20315, Window 5, PHL Queue 24
092.506 Recv DATA 6 6, ID 10318
092.714 Send DATA 4 6, ID 20316, Window 5, PHL Queue 14
092.771 Recv DATA 7 7, ID 10319
092.984 Send DATA 5 7, ID 20317, Window 5, PHL Queue 2
093.044 Recv DATA 0 0, ID 10320
093.229 Send DATA 6 0, ID 20318, Window 5, PHL Queue 40
093.304 Recv DATA 1 1, ID 10321
093.500 Send DATA 7 1, ID 20319, Window 5, PHL Queue 26
093.561 Recv DATA 2 2, ID 10322
093.758 Send DATA 0 2, ID 20320, Window 5, PHL Queue 38
093.836 Recv DATA 3 3, ID 10323
094.034 Send DATA 1 3, ID 20321, Window 5, PHL Queue 14
094.094 Recv DATA 4 4, ID 10324
094.095 .... 325 packets received, 7095 bps, 88.69%, Err 9 (1.2e-005)
094.288 Send DATA 2 4, ID 20322, Window 5, PHL Queue 34
094.375 Recv DATA 5 5, ID 10325
094.558 Send DATA 3 5, ID 20323, Window 5, PHL Queue 22
094.604 Recv DATA 6 6, ID 10326
094.814 Send DATA 4 6, ID 20324, Window 5, PHL Queue 38
094.873 Recv DATA 7 7, ID 10327
095.094 Send DATA 5 7, ID 20325, Window 5, PHL Queue 6
095.156 Recv DATA 0 0, ID 10328
095.358 Send DATA 6 0, ID 20326, Window 5, PHL Queue 6
095.388 Recv DATA 1 1, ID 10329
095.629 Send DATA 7 1, ID 20327, Window 5, PHL Queue 0
095.661 Recv DATA 2 2, ID 10330
095.886 Send DATA 0 2, ID 20328, Window 5, PHL Queue 6
095.933 Recv DATA 3 3, ID 10331
096.158 Send DATA 1 3, ID 20329, Window 5, PHL Queue 0
096.204 Recv DATA 4 4, ID 10332
096.204 .... 333 packets received, 7110 bps, 88.87%, Err 10 (1.3e-005)
096.411 Send DATA 2 4, ID 20330, Window 5, PHL Queue 12
096.471 Receiver Error 8: Bad CRC Checksum
096.471 Send NAK  4
096.679 Send DATA 3 4, ID 20331, Window 6, PHL Queue 18
096.751 Recv DATA 6 6, ID 10334
096.928 Send DATA 4 4, ID 20332, Window 5, PHL Queue 48
096.987 Recv DATA 7 7, ID 10335
097.204 Send DATA 5 4, ID 20333, Window 5, PHL Queue 24
097.250 Recv DATA 0 0, ID 10336
097.474 Send DATA 6 4, ID 20334, Window 5, PHL Queue 12
097.535 Recv DATA 1 1, ID 10337
097.744 Send DATA 7 4, ID 20335, Window 5, PHL Queue 0
097.804 Recv DATA 5 2, ID 10333
098.009 Recv DATA 6 3, ID 10334
098.011 Send DATA 0 6, ID 20336, Window 4, PHL Queue 0
098.257 Send DATA 1 6, ID 20337, Window 5, PHL Queue 30
098.287 Recv DATA 7 4, ID 10335
098.287 .... 336 packets received, 7021 bps, 87.76%, Err 10 (1.3e-005)
098.516 Send DATA 2 7, ID 20338, Window 5, PHL Queue 40
098.609 Recv DATA 0 6, ID 10336
098.802 Send DATA 3 0, ID 20339, Window 4, PHL Queue 0
098.859 Recv DATA 1 6, ID 10337
099.057 Send DATA 4 1, ID 20340, Window 5, PHL Queue 14
099.087 Recv DATA 2 7, ID 10338
099.305 Send DATA 5 2, ID 20341, Window 5, PHL Queue 46
099.366 Recv DATA 3 0, ID 10339
099.574 Send DATA 6 3, ID 20342, Window 5, PHL Queue 36
099.632 Recv DATA 4 1, ID 10340
099.857 Send DATA 7 4, ID 20343, Window 5, PHL Queue 0
099.919 Recv DATA 5 2, ID 10341
100.100 Send DATA 0 5, ID 20344, Window 5, PHL Queue 40
100.159 Recv DATA 6 3, ID 10342
100.364 Send DATA 1 6, ID 20345, Window 5, PHL Queue 40
100.424 Recv DATA 7 4, ID 10343
100.424 .... 344 packets received, 7035 bps, 87.94%, Err 10 (1.2e-005)
100.634 Send DATA 2 7, ID 20346, Window 5, PHL Queue 28
100.694 Recv DATA 0 5, ID 10344
100.915 Send DATA 3 0, ID 20347, Window 5, PHL Queue 0
100.971 Recv DATA 1 6, ID 10345
101.179 Send DATA 4 1, ID 20348, Window 5, PHL Queue 0
101.209 Recv DATA 2 7, ID 10346
101.419 Send DATA 5 2, ID 20349, Window 5, PHL Queue 42
101.479 Recv DATA 3 0, ID 10347
101.684 Send DATA 6 3, ID 20350, Window 5, PHL Queue 40
101.741 Recv DATA 4 1, ID 10348
101.966 Send DATA 7 4, ID 20351, Window 5, PHL Queue 4
102.026 Recv DATA 5 2, ID 10349
102.236 Send DATA 0 5, ID 20352, Window 5, PHL Queue 0
102.296 Recv DATA 6 3, ID 10350
102.476 Send DATA 1 6, ID 20353, Window 5, PHL Queue 40
102.506 Recv DATA 7 4, ID 10351
102.506 .... 352 packets received, 7052 bps, 88.15%, Err 10 (1.2e-005)
102.746 Send DATA 2 7, ID 20354, Window 5, PHL Queue 28
102.776 Recv DATA 0 5, ID 10352
103.016 Send DATA 3 0, ID 20355, Window 5, PHL Queue 16
103.046 Recv DATA 1 6, ID 10353
103.284 Send DATA 4 1, ID 20356, Window 5, PHL Queue 8
103.314 Recv DATA 2 7, ID 10354
103.546 Send DATA 5 2, ID 20357, Window 5, PHL Queue 12
103.576 Recv DATA 3 0, ID 10355
103.814 Send DATA 6 3, ID 20358, Window 5, PHL Queue 4
103.844 Recv DATA 4 1, ID 10356
104.079 Send DATA 7 4, ID 20359, Window 5, PHL Queue 2
104.109 Recv DATA 5 2, ID 10357
104.344 Send DATA 0 5, ID 20360, Window 5, PHL Queue 0
104.373 Recv DATA 6 3, ID 10358
104.584 Send DATA 1 6, ID 20361, Window 5, PHL Queue 48
104.614 Recv DATA 7 4, ID 10359
104.614 .... 360 packets received, 7066 bps, 88.33%, Err 10 (1.2e-005)
104.858 Send DATA 2 7, ID 20362, Window 5, PHL Queue 28
104.888 Recv DATA 0 5, ID 10360
105.140 Send DATA 3 0, ID 20363, Window 5, PHL Queue 0
105.158 Recv DATA 1 6, ID 10361
105.394 Send DATA 4 1, ID 20364, Window 5, PHL Queue 12
105.423 Recv DATA 2 7, ID 10362
105.663 Send DATA 5 2, ID 20365, Window 5, PHL Queue 2
105.724 Recv DATA 3 0, ID 10363
105.929 Send DATA 6 3, ID 20366, Window 5, PHL Queue 0
105.989 Recv DATA 4 1, ID 10364
106.172 Send DATA 7 4, ID 20367, Window 5, PHL Queue 40
106.201 Recv DATA 5 2, ID 10365
106.439 Send DATA 0 5, ID 20368, Window 5, PHL Queue 34
106.471 Recv DATA 6 3, ID 10366
106.725 Send DATA 1 6, ID 20369, Window 5, PHL Queue 0
106.751 Recv DATA 7 4, ID 10367
106.751 .... 368 packets received, 7079 bps, 88.48%, Err 11 (1.3e-005)
106.974 Send DATA 2 7, ID 20370, Window 5, PHL Queue 20
107.004 Receiver Error 9: Bad CRC Checksum
107.004 Send NAK  7
107.256 Send DATA 3 7, ID 20371, Window 6, PHL Queue 0
107.286 Recv DATA 1 6, ID 10369
107.508 Send DATA 4 7, ID 20372, Window 5, PHL Queue 22
107.568 Recv DATA 2 7, ID 10370
107.774 Send DATA 5 7, ID 20373, Window 5, PHL Queue 18
107.834 Recv DATA 3 0, ID 10371
108.025 Send DATA 6 7, ID 20374, Window 5, PHL Queue 44
108.107 Recv DATA 4 1, ID 10372
108.296 Send DATA 7 7, ID 20375, Window 5, PHL Queue 30
108.357 Receiver Error 10: Bad CRC Checksum
108.564 Send DATA 0 7, ID 20376, Window 6, PHL Queue 22
108.630 Recv DATA 1 3, ID 10369
108.829 Send DATA 1 7, ID 20377, Window 5, PHL Queue 20
108.917 Recv DATA 2 4, ID 10370
109.087 Send DATA 2 7, ID 20378, Window 5, PHL Queue 32
109.174 Recv DATA 3 5, ID 10371
109.349 Send DATA 3 7, ID 20379, Window 5, PHL Queue 36
109.411 Recv DATA 4 6, ID 10372
109.618 Send DATA 4 7, ID 20380, Window 5, PHL Queue 26
109.648 Recv DATA 5 7, ID 10373
109.874 Send DATA 5 7, ID 20381, Window 5, PHL Queue 42
109.938 Recv DATA 6 0, ID 10374
109.938 Recv ACK  2
110.138 Send DATA 6 7, ID 20382, Window 3, PHL Queue 42
110.289 Recv DATA 0 2, ID 10368
110.289 .... 369 packets received, 6869 bps, 85.87%, Err 12 (1.4e-005)
110.407 Send DATA 7 0, ID 20383, Window 4, PHL Queue 32
110.554 Recv DATA 1 3, ID 10369
110.669 Send DATA 0 1, ID 20384, Window 4, PHL Queue 36
110.840 Recv DATA 2 4, ID 10370
110.931 Send DATA 1 2, ID 20385, Window 4, PHL Queue 40
111.139 Recv DATA 3 5, ID 10371
111.201 Send DATA 2 3, ID 20386, Window 4, PHL Queue 28
111.379 Recv DATA 4 6, ID 10372
111.456 Send DATA 3 4, ID 20387, Window 4, PHL Queue 46
111.631 Recv DATA 5 7, ID 10373
111.719 Send DATA 4 5, ID 20388, Window 4, PHL Queue 48
111.916 Recv DATA 6 0, ID 10374
112.001 Send DATA 5 6, ID 20389, Window 4, PHL Queue 12
112.171 Recv DATA 7 1, ID 10375
112.249 Send DATA 6 7, ID 20390, Window 4, PHL Queue 44
112.424 Recv DATA 0 2, ID 10376
112.424 .... 377 packets received, 6885 bps, 86.06%, Err 12 (1.3e-005)
112.519 Send DATA 7 0, ID 20391, Window 4, PHL Queue 32
112.686 Recv DATA 1 3, ID 10377
112.791 Send DATA 0 1, ID 20392, Window 4, PHL Queue 16
112.950 Recv DATA 2 4, ID 10378
113.051 Send DATA 1 2, ID 20393, Window 4, PHL Queue 24
113.196 Recv DATA 3 5, ID 10379
113.316 Send DATA 2 3, ID 20394, Window 4, PHL Queue 22
113.466 Recv DATA 4 6, ID 10380
113.591 Send DATA 3 4, ID 20395, Window 4, PHL Queue 0
113.726 Recv DATA 5 7, ID 10381
113.845 Send DATA 4 5, ID 20396, Window 4, PHL Queue 20
113.994 Recv DATA 6 0, ID 10382
114.119 Send DATA 5 6, ID 20397, Window 4, PHL Queue 0
114.275 Recv DATA 7 1, ID 10383
114.364 Send DATA 6 7, ID 20398, Window 4, PHL Queue 38
114.536 Recv DATA 0 2, ID 10384
114.536 .... 385 packets received, 6901 bps, 86.26%, Err 12 (1.3e-005)
114.624 Send DATA 7 0, ID 20399, Window 4, PHL Queue 46
114.814 Recv DATA 1 3, ID 10385
114.902 Send DATA 0 1, ID 20400, Window 4, PHL Queue 18
115.066 Recv DATA 2 4, ID 10386
115.156 Send DATA 1 2, ID 20401, Window 4, PHL Queue 38
115.303 Recv DATA 3 5, ID 10387
115.423 Send DATA 2 3, ID 20402, Window 4, PHL Queue 32
115.573 Recv DATA 4 6, ID 10388
115.689 Send DATA 3 4, ID 20403, Window 4, PHL Queue 28
115.868 Recv DATA 5 7, ID 10389
115.958 Send DATA 4 5, ID 20404, Window 4, PHL Queue 18
116.138 Recv DATA 6 0, ID 10390
116.230 Send DATA 5 6, ID 20405, Window 4, PHL Queue 2
116.394 Recv DATA 7 1, ID 10391
116.479 Send DATA 6 7, ID 20406, Window 4, PHL Queue 32
116.644 Recv DATA 0 2, ID 10392
116.645 .... 393 packets received, 6917 bps, 86.46%, Err 12 (1.3e-005)
116.738 Send DATA 7 0, ID 20407, Window 4, PHL Queue 42
116.909 Recv DATA 1 3, ID 10393
117.019 Send DATA 0 1, ID 20408, Window 4, PHL Queue 8
117.189 Recv DATA 2 4, ID 10394
117.281 Send DATA 1 2, ID 20409, Window 4, PHL Queue 12
117.461 Recv DATA 3 5, ID 10395
117.551 Send DATA 2 3, ID 20410, Window 4, PHL Queue 0
117.701 Receiver Error 11: Bad CRC Checksum
117.701 Send NAK  3
117.818 Send DATA 3 3, ID 20411, Window 5, PHL Queue 8
117.963 Recv DATA 5 7, ID 10397
118.083 Send DATA 4 3, ID 20412, Window 4, PHL Queue 6
118.248 Recv DATA 6 0, ID 10398
118.338 Send DATA 5 3, ID 20413, Window 4, PHL Queue 24
118.518 Recv DATA 7 1, ID 10399
118.607 Send DATA 6 3, ID 20414, Window 4, PHL Queue 14
118.784 Recv DATA 4 2, ID 10396
118.784 .... 397 packets received, 6861 bps, 85.76%, Err 13 (1.4e-005)
118.874 Send DATA 7 4, ID 20415, Window 4, PHL Queue 8
119.024 Recv DATA 5 3, ID 10397
119.147 Send DATA 0 5, ID 20416, Window 4, PHL Queue 0
119.265 Recv DATA 6 4, ID 10398
119.389 Send DATA 1 6, ID 20417, Window 4, PHL Queue 34
119.539 Recv DATA 7 5, ID 10399
119.654 Send DATA 2 7, ID 20418, Window 4, PHL Queue 32
119.826 Recv DATA 0 6, ID 10400
119.911 Send DATA 3 0, ID 20419, Window 4, PHL Queue 46
120.109 Recv DATA 1 7, ID 10401
120.184 Send DATA 4 1, ID 20420, Window 4, PHL Queue 28
120.379 Recv DATA 2 0, ID 10402
120.441 Send DATA 5 2, ID 20421, Window 4, PHL Queue 42
120.587 Recv DATA 3 1, ID 10403
120.706 Send DATA 6 3, ID 20422, Window 4, PHL Queue 40
120.851 Recv DATA 4 2, ID 10404
120.851 .... 405 packets received, 6879 bps, 85.99%, Err 13 (1.3e-005)
120.984 Send DATA 7 4, ID 20423, Window 4, PHL Queue 12
121.117 Recv DATA 5 3, ID 10405
121.235 Send DATA 0 5, ID 20424, Window 4, PHL Queue 38
121.387 Recv DATA 6 4, ID 10406
121.517 Send DATA 1 6, ID 20425, Window 4, PHL Queue 2
121.659 Recv DATA 7 5, ID 10407
121.765 Send DATA 2 7, ID 20426, Window 4, PHL Queue 34
121.944 Recv DATA 0 6, ID 10408
122.036 Send DATA 3 0, ID 20427, Window 4, PHL Queue 20
122.216 Recv DATA 1 7, ID 10409
122.304 Send DATA 4 1, ID 20428, Window 4, PHL Queue 12
122.456 Recv DATA 2 0, ID 10410
122.576 Send DATA 5 2, ID 20429, Window 4, PHL Queue 0
122.694 Recv DATA 3 1, ID 10411
122.827 Send DATA 6 3, ID 20430, Window 4, PHL Queue 22
122.963 Recv DATA 4 2, ID 10412
122.963 .... 413 packets received, 6894 bps, 86.18%, Err 13 (1.3e-005)
123.088 Send DATA 7 4, ID 20431, Window 4, PHL Queue 28
123.234 Recv DATA 5 3, ID 10413
123.354 Send DATA 0 5, ID 20432, Window 4, PHL Queue 24
123.504 Recv DATA 6 4, ID 10414
123.624 Send DATA 1 6, ID 20433, Window 4, PHL Queue 12
123.775 Recv DATA 7 5, ID 10415
123.900 Send DATA 2 7, ID 20434, Window 4, PHL Queue 0
124.039 Recv DATA 0 6, ID 10416
124.146 Send DATA 3 0, ID 20435, Window 4, PHL Queue 24
124.311 Recv DATA 1 7, ID 10417
124.399 Send DATA 4 1, ID 20436, Window 4, PHL Queue 46
124.590 Recv DATA 2 0, ID 10418
124.679 Send DATA 5 2, ID 20437, Window 4, PHL Queue 14
124.865 Recv DATA 3 1, ID 10419
124.939 Send DATA 6 3, ID 20438, Window 4, PHL Queue 22
125.104 Recv DATA 4 2, ID 10420
125.104 .... 421 packets received, 6907 bps, 86.34%, Err 13 (1.3e-005)
125.195 Send DATA 7 4, ID 20439, Window 4, PHL Queue 38
125.335 Recv DATA 5 3, ID 10421
125.454 Send DATA 0 5, ID 20440, Window 4, PHL Queue 48
125.604 Recv DATA 6 4, ID 10422
125.739 Send DATA 1 6, ID 20441, Window 4, PHL Queue 6
125.884 Recv DATA 7 5, ID 10423
125.994 Send DATA 2 7, ID 20442, Window 4, PHL Queue 24
126.146 Recv DATA 0 6, ID 10424
126.266 Send DATA 3 0, ID 20443, Window 4, PHL Queue 8
126.426 Recv DATA 1 7, ID 10425
126.516 Send DATA 4 1, ID 20444, Window 4, PHL Queue 36
126.694 Recv DATA 2 0, ID 10426
126.779 Send DATA 5 2, ID 20445, Window 4, PHL Queue 38
126.969 Recv DATA 3 1, ID 10427
127.046 Send DATA 6 3, ID 20446, Window 4, PHL Queue 32
127.194 Recv DATA 4 2, ID 10428
127.194 .... 429 packets received, 6923 bps, 86.53%, Err 13 (1.3e-005)
127.330 Send DATA 7 4, ID 20447, Window 4, PHL Queue 0
127.480 Recv DATA 5 3, ID 10429
127.566 Send DATA 0 5, ID 20448, Window 4, PHL Queue 48
127.759 Recv DATA 6 4, ID 10430
127.848 Send DATA 1 6, ID 20449, Window 4, PHL Queue 12
128.043 Recv DATA 7 5, ID 10431
128.119 Send DATA 2 7, ID 20450, Window 4, PHL Queue 0
128.266 Recv DATA 0 6, ID 10432
128.296 Recv NAK  6
128.384 Send DATA 7 0, ID 20447, Window 0, PHL Queue 0
128.534 Recv DATA 1 6, ID 10433
128.631 Send DATA 0 1, ID 20448, Window 1, PHL Queue 30
128.779 Recv DATA 2 6, ID 10434
128.899 Send DATA 1 2, ID 20449, Window 2, PHL Queue 22
129.046 Recv DATA 3 6, ID 10435
129.166 Send DATA 2 3, ID 20450, Window 3, PHL Queue 16
129.317 Recv DATA 4 6, ID 10436
129.317 .... 437 packets received, 6936 bps, 86.70%, Err 13 (1.3e-005)
129.434 Send DATA 3 4, ID 20451, Window 4, PHL Queue 8
129.594 Recv DATA 5 7, ID 10437
129.679 Send DATA 4 5, ID 20452, Window 4, PHL Queue 46
129.849 Recv DATA 6 0, ID 10438
129.961 Send DATA 5 6, ID 20453, Window 4, PHL Queue 10
130.126 Recv DATA 7 1, ID 10439
130.215 Send DATA 6 7, ID 20454, Window 4, PHL Queue 30
130.369 Recv DATA 0 2, ID 10440
130.484 Send DATA 7 0, ID 20455, Window 4, PHL Queue 20
130.629 Recv DATA 1 3, ID 10441
130.747 Send DATA 0 1, ID 20456, Window 4, PHL Queue 22
130.894 Recv DATA 2 4, ID 10442
131.018 Send DATA 1 2, ID 20457, Window 4, PHL Queue 8
131.198 Recv DATA 3 5, ID 10443
131.288 Send DATA 2 3, ID 20458, Window 4, PHL Queue 0
131.454 Recv DATA 4 6, ID 10444
131.454 .... 445 packets received, 6948 bps, 86.85%, Err 14 (1.3e-005)
131.543 Send DATA 3 4, ID 20459, Window 4, PHL Queue 14
131.723 Receiver Error 12: Bad CRC Checksum
131.723 Send NAK  4
131.814 Send DATA 4 4, ID 20460, Window 5, PHL Queue 14
131.984 Recv DATA 6 0, ID 10446
132.074 Send DATA 5 4, ID 20461, Window 4, PHL Queue 22
132.218 Recv DATA 7 1, ID 10447
132.338 Send DATA 6 4, ID 20462, Window 4, PHL Queue 22
132.482 Recv DATA 0 2, ID 10448
132.614 Send DATA 7 4, ID 20463, Window 4, PHL Queue 0
132.749 Recv DATA 5 3, ID 10445
132.869 Send DATA 0 5, ID 20464, Window 4, PHL Queue 16
133.016 Recv DATA 6 4, ID 10446
133.139 Send DATA 1 6, ID 20465, Window 4, PHL Queue 4
133.289 Recv DATA 7 5, ID 10447
133.381 Send DATA 2 7, ID 20466, Window 4, PHL Queue 48
133.539 Recv DATA 0 6, ID 10448
133.539 .... 449 packets received, 6900 bps, 86.26%, Err 14 (1.3e-005)
133.646 Send DATA 3 0, ID 20467, Window 4, PHL Queue 46
133.806 Recv DATA 1 7, ID 10449
133.924 Send DATA 4 1, ID 20468, Window 4, PHL Queue 18
134.085 Recv DATA 2 0, ID 10450
134.189 Send DATA 5 2, ID 20469, Window 4, PHL Queue 16
134.354 Recv DATA 3 1, ID 10451
134.446 Send DATA 6 3, ID 20470, Window 4, PHL Queue 30
134.584 Recv DATA 4 2, ID 10452
134.719 Send DATA 7 4, ID 20471, Window 4, PHL Queue 12
134.871 Recv DATA 5 3, ID 10453
134.976 Send DATA 0 5, ID 20472, Window 4, PHL Queue 26
135.122 Recv DATA 6 4, ID 10454
135.236 Send DATA 1 6, ID 20473, Window 4, PHL Queue 34
135.396 Recv DATA 7 5, ID 10455
135.516 Send DATA 2 7, ID 20474, Window 4, PHL Queue 2
135.666 Recv DATA 0 6, ID 10456
135.666 .... 457 packets received, 6913 bps, 86.41%, Err 14 (1.3e-005)
135.781 Send DATA 3 0, ID 20475, Window 4, PHL Queue 0
135.935 Recv DATA 1 7, ID 10457
136.026 Send DATA 4 1, ID 20476, Window 4, PHL Queue 38
136.206 Recv DATA 2 0, ID 10458
136.296 Send DATA 5 2, ID 20477, Window 4, PHL Queue 26
136.491 Recv DATA 3 1, ID 10459
136.551 Send DATA 6 3, ID 20478, Window 4, PHL Queue 44
136.702 Recv DATA 4 2, ID 10460
136.822 Send DATA 7 4, ID 20479, Window 4, PHL Queue 30
136.987 Recv DATA 5 3, ID 10461
137.077 Send DATA 0 5, ID 20480, Window 4, PHL Queue 48
137.256 Recv DATA 6 4, ID 10462
137.362 Send DATA 1 6, ID 20481, Window 4, PHL Queue 6
137.537 Recv DATA 7 5, ID 10463
137.627 Send DATA 2 7, ID 20482, Window 4, PHL Queue 4
137.778 Recv DATA 0 6, ID 10464
137.778 .... 465 packets received, 6926 bps, 86.58%, Err 14 (1.3e-005)
137.897 Send DATA 3 0, ID 20483, Window 4, PHL Queue 0
138.044 Recv DATA 1 7, ID 10465
138.158 Send DATA 4 1, ID 20484, Window 4, PHL Queue 0
138.304 Recv DATA 2 0, ID 10466
138.421 Send DATA 5 2, ID 20485, Window 4, PHL Queue 0
138.539 Recv DATA 3 1, ID 10467
138.689 Send DATA 6 3, ID 20486, Window 4, PHL Queue 0
138.824 Recv DATA 4 2, ID 10468
138.946 Send DATA 7 4, ID 20487, Window 4, PHL Queue 6
139.129 Recv DATA 5 3, ID 10469
139.189 Send DATA 0 5, ID 20488, Window 4, PHL Queue 48
139.371 Recv DATA 6 4, ID 10470
139.477 Send DATA 1 6, ID 20489, Window 4, PHL Queue 0
139.642 Recv DATA 7 5, ID 10471
139.730 Send DATA 2 7, ID 20490, Window 4, PHL Queue 22
139.929 Recv DATA 0 6, ID 10472
139.929 .... 473 packets received, 6937 bps, 86.71%, Err 14 (1.3e-005)
139.989 Send DATA 3 0, ID 20491, Window 4, PHL Queue 32
140.133 Recv DATA 1 7, ID 10473
140.246 Send DATA 4 1, ID 20492, Window 4, PHL Queue 46
140.450 Recv DATA 2 0, ID 10474
140.510 Send DATA 5 2, ID 20493, Window 4, PHL Queue 46
140.682 Recv DATA 3 1, ID 10475
140.787 Send DATA 6 3, ID 20494, Window 4, PHL Queue 20
140.964 Recv DATA 4 2, ID 10476
141.040 Send DATA 7 4, ID 20495, Window 4, PHL Queue 42
141.219 Recv DATA 5 3, ID 10477
141.309 Send DATA 0 5, ID 20496, Window 4, PHL Queue 32
141.459 Recv DATA 6 4, ID 10478
141.594 Send DATA 1 6, ID 20497, Window 4, PHL Queue 0
141.726 Recv DATA 7 5, ID 10479
141.846 Send DATA 2 7, ID 20498, Window 4, PHL Queue 14
