000.000 =============================================================
000.000                     Station B                               
000.000 -------------------------------------------------------------
000.000 Protocol.lib, version 4.0, jiangyanjun0718@bupt.edu.cn
000.000 Channel: 8000 bps, 270 ms propagation delay, bit error rate 1.0E-005
000.000 Log file "C:\Users\winph\OneDrive\北邮学习资料\大二下学期\计算机网络作业\Lab1-2018(Win+Linux)\Lab1-Windows-VS2017\Example\stopwait-B.log", TCP port 59144, debug mask 0x01
000.000 Station B is connecting station A (TCP port 59144) ... Done.
000.579 New epoch: Sun Apr 18 23:59:23 2021
000.580 =================================================================
000.580 
000.581 Designed by Jiang Yanjun, build: Oct 28 2018  16:36:26
003.502 .... 3 packets received, 2339 bps, 29.23%, Err 0 (0.0e+000)
005.969 .... 6 packets received, 2412 bps, 30.15%, Err 0 (0.0e+000)
008.449 .... 9 packets received, 2434 bps, 30.42%, Err 0 (0.0e+000)
011.782 .... 10 packets received, 1878 bps, 23.47%, Err 1 (4.2e-005)
014.298 .... 13 packets received, 1983 bps, 24.79%, Err 1 (3.3e-005)
016.532 .... 15 packets received, 1962 bps, 24.53%, Err 1 (2.9e-005)
019.074 .... 18 packets received, 2026 bps, 25.32%, Err 1 (2.4e-005)
021.676 .... 21 packets received, 2068 bps, 25.84%, Err 1 (2.1e-005)
024.282 .... 24 packets received, 2100 bps, 26.25%, Err 1 (1.8e-005)
026.780 .... 27 packets received, 2135 bps, 26.68%, Err 1 (1.6e-005)
029.268 .... 30 packets received, 2164 bps, 27.05%, Err 1 (1.5e-005)
031.799 .... 33 packets received, 2185 bps, 27.32%, Err 1 (1.4e-005)
034.271 .... 36 packets received, 2208 bps, 27.60%, Err 1 (1.2e-005)
036.740 .... 39 packets received, 2227 bps, 27.84%, Err 1 (1.2e-005)
039.183 .... 42 packets received, 2245 bps, 28.07%, Err 1 (1.1e-005)
041.682 .... 45 packets received, 2258 bps, 28.23%, Err 1 (1.0e-005)
044.120 .... 48 packets received, 2273 bps, 28.41%, Err 1 (9.4e-006)
046.533 .... 51 packets received, 2288 bps, 28.60%, Err 1 (8.9e-006)
051.282 .... 53 packets received, 2153 bps, 26.92%, Err 2 (1.7e-005)
053.776 .... 56 packets received, 2168 bps, 27.10%, Err 2 (1.6e-005)
054.039 ** WARNING: System too busy, sleep 15 ms, but be awakened 73 ms later
056.501 .... 59 packets received, 2172 bps, 27.15%, Err 2 (1.5e-005)
058.940 .... 62 packets received, 2187 bps, 27.33%, Err 2 (1.4e-005)
061.435 .... 65 packets received, 2198 bps, 27.48%, Err 2 (1.4e-005)
063.932 .... 68 packets received, 2209 bps, 27.61%, Err 2 (1.3e-005)
067.275 .... 69 packets received, 2128 bps, 26.60%, Err 3 (1.9e-005)
069.831 .... 72 packets received, 2138 bps, 26.73%, Err 3 (1.8e-005)
072.333 .... 75 packets received, 2150 bps, 26.87%, Err 3 (1.8e-005)
074.870 .... 78 packets received, 2159 bps, 26.99%, Err 3 (1.7e-005)
077.325 .... 81 packets received, 2170 bps, 27.12%, Err 3 (1.6e-005)
083.164 .... 82 packets received, 2041 bps, 25.51%, Err 5 (2.6e-005)
085.678 .... 85 packets received, 2053 bps, 25.66%, Err 5 (2.6e-005)
088.147 .... 88 packets received, 2065 bps, 25.81%, Err 5 (2.5e-005)
090.661 .... 91 packets received, 2076 bps, 25.95%, Err 5 (2.4e-005)
093.142 .... 94 packets received, 2086 bps, 26.08%, Err 5 (2.3e-005)
095.592 .... 97 packets received, 2097 bps, 26.22%, Err 5 (2.3e-005)
098.087 .... 100 packets received, 2107 bps, 26.33%, Err 5 (2.2e-005)
100.598 .... 103 packets received, 2115 bps, 26.44%, Err 5 (2.1e-005)
103.112 .... 106 packets received, 2123 bps, 26.54%, Err 5 (2.1e-005)
105.655 .... 109 packets received, 2130 bps, 26.63%, Err 5 (2.0e-005)
108.132 .... 112 packets received, 2139 bps, 26.73%, Err 5 (2.0e-005)
110.600 .... 115 packets received, 2146 bps, 26.83%, Err 5 (1.9e-005)
113.056 .... 118 packets received, 2154 bps, 26.93%, Err 5 (1.9e-005)
115.616 .... 121 packets received, 2160 bps, 27.00%, Err 5 (1.8e-005)
118.092 .... 124 packets received, 2167 bps, 27.08%, Err 5 (1.8e-005)
125.615 .... 127 packets received, 2085 bps, 26.06%, Err 6 (2.1e-005)
128.083 .... 130 packets received, 2093 bps, 26.16%, Err 6 (2.0e-005)
130.580 .... 133 packets received, 2100 bps, 26.25%, Err 6 (2.0e-005)
135.552 .... 136 packets received, 2068 bps, 25.85%, Err 6 (1.9e-005)
137.742 .... 138 packets received, 2065 bps, 25.81%, Err 6 (1.9e-005)
140.231 .... 141 packets received, 2072 bps, 25.90%, Err 6 (1.9e-005)
142.755 .... 144 packets received, 2079 bps, 25.98%, Err 6 (1.8e-005)
145.241 .... 147 packets received, 2085 bps, 26.07%, Err 6 (1.8e-005)
147.741 .... 150 packets received, 2092 bps, 26.15%, Err 6 (1.8e-005)
150.463 .... 153 packets received, 2095 bps, 26.18%, Err 6 (1.7e-005)
152.978 .... 156 packets received, 2100 bps, 26.26%, Err 6 (1.7e-005)
155.487 .... 159 packets received, 2106 bps, 26.33%, Err 6 (1.7e-005)
157.979 .... 162 packets received, 2112 bps, 26.40%, Err 6 (1.6e-005)
160.488 .... 165 packets received, 2117 bps, 26.46%, Err 6 (1.6e-005)
165.538 .... 168 packets received, 2090 bps, 26.12%, Err 7 (1.8e-005)
168.000 .... 171 packets received, 2095 bps, 26.19%, Err 7 (1.8e-005)
170.484 .... 174 packets received, 2101 bps, 26.26%, Err 7 (1.8e-005)
172.971 .... 177 packets received, 2106 bps, 26.33%, Err 7 (1.7e-005)
175.456 .... 180 packets received, 2112 bps, 26.39%, Err 7 (1.7e-005)
177.957 .... 183 packets received, 2116 bps, 26.46%, Err 7 (1.7e-005)
180.496 .... 186 packets received, 2121 bps, 26.51%, Err 7 (1.7e-005)
184.637 .... 188 packets received, 2095 bps, 26.19%, Err 7 (1.6e-005)
186.950 .... 190 packets received, 2091 bps, 26.14%, Err 7 (1.6e-005)
189.516 .... 193 packets received, 2095 bps, 26.19%, Err 7 (1.6e-005)
192.838 .... 194 packets received, 2070 bps, 25.87%, Err 7 (1.6e-005)
195.363 .... 196 packets received, 2064 bps, 25.80%, Err 7 (1.6e-005)
197.869 .... 199 packets received, 2069 bps, 25.86%, Err 7 (1.6e-005)
200.397 .... 202 packets received, 2073 bps, 25.92%, Err 7 (1.5e-005)
202.896 .... 205 packets received, 2078 bps, 25.98%, Err 7 (1.5e-005)
205.206 .... 207 packets received, 2075 bps, 25.93%, Err 7 (1.5e-005)
207.453 .... 209 packets received, 2072 bps, 25.90%, Err 7 (1.5e-005)
211.625 .... 211 packets received, 2050 bps, 25.63%, Err 8 (1.7e-005)
214.135 .... 214 packets received, 2055 bps, 25.69%, Err 8 (1.6e-005)
216.234 ** WARNING: System too busy, sleep 15 ms, but be awakened 86 ms later
216.714 .... 217 packets received, 2059 bps, 25.74%, Err 8 (1.6e-005)
219.263 .... 220 packets received, 2063 bps, 25.79%, Err 8 (1.6e-005)
221.819 .... 223 packets received, 2067 bps, 25.84%, Err 8 (1.6e-005)
224.354 .... 226 packets received, 2071 bps, 25.89%, Err 8 (1.6e-005)
226.903 .... 229 packets received, 2075 bps, 25.94%, Err 8 (1.5e-005)
230.063 .... 232 packets received, 2073 bps, 25.91%, Err 8 (1.5e-005)
232.678 .... 235 packets received, 2076 bps, 25.95%, Err 8 (1.5e-005)
234.903 .... 237 packets received, 2074 bps, 25.93%, Err 8 (1.5e-005)
237.413 .... 240 packets received, 2078 bps, 25.97%, Err 8 (1.5e-005)
239.943 .... 243 packets received, 2082 bps, 26.02%, Err 8 (1.5e-005)
242.523 .... 246 packets received, 2085 bps, 26.06%, Err 8 (1.4e-005)
245.041 .... 249 packets received, 2089 bps, 26.11%, Err 8 (1.4e-005)
246.452 ** WARNING: System too busy, sleep 15 ms, but be awakened 77 ms later
247.604 .... 252 packets received, 2092 bps, 26.15%, Err 8 (1.4e-005)
250.120 .... 255 packets received, 2095 bps, 26.19%, Err 8 (1.4e-005)
252.713 .... 258 packets received, 2098 bps, 26.23%, Err 8 (1.4e-005)
255.197 .... 261 packets received, 2102 bps, 26.27%, Err 8 (1.4e-005)
257.663 .... 264 packets received, 2106 bps, 26.32%, Err 8 (1.3e-005)
260.186 .... 267 packets received, 2109 bps, 26.36%, Err 8 (1.3e-005)
262.640 .... 270 packets received, 2112 bps, 26.41%, Err 8 (1.3e-005)
