000.000 =============================================================
000.000                     Station A                               
000.000 -------------------------------------------------------------
000.000 Protocol.lib, version 4.0, jiangyanjun0718@bupt.edu.cn
000.000 Channel: 8000 bps, 270 ms propagation delay, bit error rate 1.0E-006
000.000 Log file "C:\Users\winph\OneDrive\北邮学习资料\大二下学期\计算机网络作业\Lab1-2018(Win+Linux)\Lab1-Windows-VS2017\Example\stopwait-A.log", TCP port 59144, debug mask 0x03
000.000 Station A is waiting for station B on TCP port 59144 ... Done.
000.580 New epoch: Sun Apr 18 23:59:23 2021
000.580 =================================================================
000.581 
000.581 Designed by Jiang Yanjun, build: Oct 28 2018  16:36:26
000.582 Send DATA 0 1, ID 10000
001.594 Recv DATA 0 1, ID 20000
001.595 Send ACK  0
002.168 Recv ACK  0
002.169 Send DATA 1 0, ID 10001
002.440 Recv DATA 1 0, ID 20001
002.441 Send ACK  1
002.964 Recv ACK  1
002.965 Send DATA 0 1, ID 10002
003.296 Recv DATA 0 1, ID 20002
003.297 Send ACK  0
003.792 Recv ACK  0
003.792 Send DATA 1 0, ID 10003
004.125 Recv DATA 1 0, ID 20003
004.126 .... 4 packets received, 2923 bps, 36.53%, Err 0 (0.0e+000)
004.128 Send ACK  1
004.603 Recv ACK  1
004.603 Send DATA 0 1, ID 10004
004.935 Recv DATA 0 1, ID 20004
004.936 Send ACK  0
005.425 Recv ACK  0
005.425 Send DATA 1 0, ID 10005
005.761 Recv DATA 1 0, ID 20005
005.762 Send ACK  1
006.257 Recv ACK  1
006.258 Send DATA 0 1, ID 10006
006.592 Recv DATA 0 1, ID 20006
006.593 .... 7 packets received, 2720 bps, 34.00%, Err 0 (0.0e+000)
006.596 Send ACK  0
007.071 Recv ACK  0
007.071 Send DATA 1 0, ID 10007
007.403 Recv DATA 1 0, ID 20007
007.404 Send ACK  1
007.909 Recv ACK  1
007.909 Send DATA 0 1, ID 10008
008.211 Recv DATA 0 1, ID 20008
008.212 Send ACK  0
008.735 Recv ACK  0
008.735 Send DATA 1 0, ID 10009
009.039 Recv DATA 1 0, ID 20009
009.039 .... 10 packets received, 2654 bps, 33.17%, Err 0 (0.0e+000)
009.042 Send ACK  1
009.867 Recv DATA 0 0, ID 20010
009.868 Send ACK  0
010.652 Recv DATA 1 0, ID 20011
010.653 Send ACK  1
011.242 ---- DATA 1 timeout
011.242 Send DATA 1 1, ID 10009
011.480 Recv DATA 0 0, ID 20012
011.481 .... 13 packets received, 2621 bps, 32.76%, Err 0 (0.0e+000)
011.483 Send ACK  0
012.070 Recv ACK  1
012.070 Send DATA 0 0, ID 10010
012.896 Recv DATA 1 1, ID 20013
012.897 Send ACK  1
012.928 Recv ACK  0
012.928 Send DATA 1 1, ID 10011
013.756 Recv DATA 0 0, ID 20014
013.757 .... 15 packets received, 2471 bps, 30.88%, Err 0 (0.0e+000)
013.759 Send ACK  0
013.760 Recv ACK  1
013.760 Send DATA 0 0, ID 10012
014.585 Recv DATA 1 1, ID 20015
014.586 Send ACK  1
015.158 Recv ACK  0
015.158 Send DATA 1 1, ID 10013
015.447 Recv DATA 0 0, ID 20016
015.448 Send ACK  0
015.988 Recv ACK  1
015.988 Send DATA 0 0, ID 10014
016.260 Recv DATA 1 1, ID 20017
016.261 .... 18 packets received, 2468 bps, 30.85%, Err 0 (0.0e+000)
016.264 Send ACK  1
016.820 Recv ACK  0
016.820 Send DATA 1 1, ID 10015
017.092 Recv DATA 0 0, ID 20018
017.093 Send ACK  0
017.674 Recv ACK  1
017.674 Send DATA 0 0, ID 10016
017.913 Recv DATA 1 1, ID 20019
017.914 Send ACK  1
018.517 Recv ACK  0
018.517 Send DATA 1 1, ID 10017
019.328 Recv DATA 0 0, ID 20020
019.329 .... 21 packets received, 2389 bps, 29.86%, Err 0 (0.0e+000)
019.331 Send ACK  0
019.360 Recv ACK  1
019.361 Send DATA 0 0, ID 10018
020.203 Recv DATA 1 1, ID 20021
020.203 Send ACK  1
020.326 Recv ACK  0
020.326 Send DATA 1 1, ID 10019
021.044 Recv DATA 0 0, ID 20022
021.045 Send ACK  0
021.138 Recv ACK  1
021.138 Send DATA 0 0, ID 10020
021.880 Recv DATA 1 1, ID 20023
021.881 .... 24 packets received, 2391 bps, 29.89%, Err 0 (0.0e+000)
021.883 Send ACK  1
021.976 Recv ACK  0
021.976 Send DATA 1 1, ID 10021
022.723 Recv DATA 0 0, ID 20024
022.724 Send ACK  0
022.787 Recv ACK  1
022.787 Send DATA 0 0, ID 10022
023.554 Recv DATA 1 1, ID 20025
023.555 Send ACK  1
023.762 Recv ACK  0
023.763 Send DATA 1 1, ID 10023
024.376 Recv DATA 0 0, ID 20026
024.377 .... 27 packets received, 2399 bps, 29.98%, Err 0 (0.0e+000)
024.379 Send ACK  0
024.582 Recv ACK  1
024.582 Send DATA 0 0, ID 10024
025.220 Recv DATA 1 1, ID 20027
025.221 Send ACK  1
025.412 Recv ACK  0
025.412 Send DATA 1 1, ID 10025
026.050 Recv DATA 0 0, ID 20028
026.051 Send ACK  0
026.242 Recv ACK  1
026.242 Send DATA 0 0, ID 10026
026.890 Recv DATA 1 1, ID 20029
026.891 .... 30 packets received, 2403 bps, 30.04%, Err 0 (0.0e+000)
026.894 Send ACK  1
027.065 Recv ACK  0
027.065 Send DATA 1 1, ID 10027
027.719 Recv DATA 0 0, ID 20030
027.719 Send ACK  0
027.895 Recv ACK  1
027.895 Send DATA 0 0, ID 10028
028.550 Recv DATA 1 1, ID 20031
028.551 Send ACK  1
028.724 Recv ACK  0
028.726 Send DATA 1 1, ID 10029
029.394 Recv DATA 0 0, ID 20032
029.396 .... 33 packets received, 2408 bps, 30.09%, Err 0 (0.0e+000)
029.398 Send ACK  0
029.570 Recv ACK  1
029.572 Send DATA 0 0, ID 10030
030.243 Recv DATA 1 1, ID 20033
030.244 Send ACK  1
030.450 Recv ACK  0
030.450 Send DATA 1 1, ID 10031
031.070 Recv DATA 0 0, ID 20034
031.071 Send ACK  0
031.262 Recv ACK  1
031.262 Send DATA 0 0, ID 10032
031.893 Recv DATA 1 1, ID 20035
031.894 .... 36 packets received, 2412 bps, 30.15%, Err 0 (0.0e+000)
031.896 Send ACK  1
032.101 Recv ACK  0
032.101 Send DATA 1 1, ID 10033
032.724 Recv DATA 0 0, ID 20036
032.726 Send ACK  0
032.916 Recv ACK  1
032.916 Send DATA 0 0, ID 10034
033.554 Recv DATA 1 1, ID 20037
033.555 Send ACK  1
033.744 Recv ACK  0
033.745 Send DATA 1 1, ID 10035
034.367 Recv DATA 0 0, ID 20038
034.367 .... 39 packets received, 2417 bps, 30.21%, Err 0 (0.0e+000)
034.369 Send ACK  0
034.556 Recv ACK  1
034.556 Send DATA 0 0, ID 10036
035.190 Recv DATA 1 1, ID 20039
035.191 Send ACK  1
035.362 Recv ACK  0
035.362 Send DATA 1 1, ID 10037
036.042 Recv DATA 0 0, ID 20040
036.043 Send ACK  0
036.202 Recv ACK  1
036.202 Send DATA 0 0, ID 10038
036.884 Recv DATA 1 1, ID 20041
036.885 .... 42 packets received, 2419 bps, 30.23%, Err 0 (0.0e+000)
036.887 Send ACK  1
037.028 Recv ACK  0
037.029 Send DATA 1 1, ID 10039
037.698 Recv DATA 0 0, ID 20042
037.700 Send ACK  0
037.849 Recv ACK  1
037.850 Send DATA 0 0, ID 10040
038.528 Recv DATA 1 1, ID 20043
038.529 Send ACK  1
038.639 Recv ACK  0
038.640 Send DATA 1 1, ID 10041
039.359 Recv DATA 0 0, ID 20044
039.360 .... 45 packets received, 2423 bps, 30.29%, Err 0 (0.0e+000)
039.363 Send ACK  0
039.469 Recv ACK  1
039.469 Send DATA 0 0, ID 10042
040.184 Recv DATA 1 1, ID 20045
040.184 Send ACK  1
040.318 Recv ACK  0
040.319 Send DATA 1 1, ID 10043
041.030 Recv DATA 0 0, ID 20046
041.031 Send ACK  0
041.142 Recv ACK  1
041.143 Send DATA 0 0, ID 10044
041.842 Recv DATA 1 1, ID 20047
041.843 .... 48 packets received, 2426 bps, 30.33%, Err 0 (0.0e+000)
041.846 Send ACK  1
041.963 Recv ACK  0
041.963 Send DATA 1 1, ID 10045
042.671 Recv DATA 0 0, ID 20048
042.672 Send ACK  0
042.767 Recv ACK  1
042.767 Send DATA 0 0, ID 10046
043.499 Recv DATA 1 1, ID 20049
043.500 Send ACK  1
043.595 Recv ACK  0
043.596 Send DATA 1 1, ID 10047
044.342 Recv DATA 0 0, ID 20050
044.343 .... 51 packets received, 2428 bps, 30.35%, Err 0 (0.0e+000)
044.346 Send ACK  0
044.403 Recv ACK  1
044.403 Send DATA 0 0, ID 10048
045.151 Recv DATA 1 1, ID 20051
045.152 Send ACK  1
045.215 Recv ACK  0
045.215 Send DATA 1 1, ID 10049
045.991 Recv DATA 0 0, ID 20052
045.991 Send ACK  0
046.023 Recv ACK  1
046.023 Send DATA 0 0, ID 10050
046.833 Recv DATA 1 1, ID 20053
046.834 .... 54 packets received, 2430 bps, 30.38%, Err 0 (0.0e+000)
046.837 Send ACK  1
047.402 Recv ACK  0
047.402 Send DATA 1 1, ID 10051
047.638 Recv DATA 0 0, ID 20054
047.640 Send ACK  0
048.224 Recv ACK  1
048.224 Send DATA 0 0, ID 10052
049.033 Recv DATA 1 1, ID 20055
049.034 .... 56 packets received, 2404 bps, 30.05%, Err 0 (0.0e+000)
049.037 Send ACK  1
049.856 Recv DATA 0 1, ID 20056
049.857 Send ACK  0
050.684 Recv DATA 1 1, ID 20057
050.686 Send ACK  1
050.732 ---- DATA 0 timeout
050.732 Send DATA 0 1, ID 10052
051.509 Recv DATA 0 1, ID 20058
051.510 .... 59 packets received, 2408 bps, 30.10%, Err 0 (0.0e+000)
051.512 Send ACK  0
051.573 Recv ACK  0
051.573 Send DATA 1 0, ID 10053
052.328 Recv DATA 1 0, ID 20059
052.329 Send ACK  1
052.408 Recv ACK  1
052.409 Send DATA 0 1, ID 10054
053.156 Recv DATA 0 1, ID 20060
053.157 Send ACK  0
053.236 Recv ACK  0
053.236 Send DATA 1 0, ID 10055
054.039 ** WARNING: System too busy, sleep 15 ms, but be awakened 73 ms later
054.223 Recv DATA 1 0, ID 20061
054.224 .... 62 packets received, 2400 bps, 30.00%, Err 0 (0.0e+000)
054.227 Send ACK  1
054.228 Recv ACK  1
054.228 Send DATA 0 1, ID 10056
055.056 Recv DATA 0 1, ID 20062
055.058 Send ACK  0
055.088 Recv ACK  0
055.088 Send DATA 1 0, ID 10057
055.892 Recv DATA 1 0, ID 20063
055.893 Send ACK  1
055.924 Recv ACK  1
055.925 Send DATA 0 1, ID 10058
056.745 Recv DATA 0 1, ID 20064
056.746 .... 65 packets received, 2402 bps, 30.02%, Err 0 (0.0e+000)
056.753 Send ACK  0
056.777 Recv ACK  0
056.777 Send DATA 1 0, ID 10059
057.556 Recv DATA 1 0, ID 20065
057.557 Send ACK  1
057.604 Recv ACK  1
057.606 Send DATA 0 1, ID 10060
058.376 Recv DATA 0 1, ID 20066
058.377 Send ACK  0
058.424 Recv ACK  0
058.425 Send DATA 1 0, ID 10061
059.190 Recv DATA 1 0, ID 20067
059.192 .... 68 packets received, 2407 bps, 30.08%, Err 0 (0.0e+000)
059.194 Send ACK  1
059.221 Recv ACK  1
059.222 Send DATA 0 1, ID 10062
060.006 Recv DATA 0 1, ID 20068
060.006 Send ACK  0
060.096 Recv ACK  0
060.096 Send DATA 1 0, ID 10063
060.846 Recv DATA 1 0, ID 20069
060.848 Send ACK  1
060.910 Recv ACK  1
060.910 Send DATA 0 1, ID 10064
061.673 Recv DATA 0 1, ID 20070
061.674 .... 71 packets received, 2409 bps, 30.12%, Err 0 (0.0e+000)
061.676 Send ACK  0
061.735 Recv ACK  0
061.735 Send DATA 1 0, ID 10065
062.493 Recv DATA 1 0, ID 20071
062.495 Send ACK  1
062.557 Recv ACK  1
062.557 Send DATA 0 1, ID 10066
063.313 Recv DATA 0 1, ID 20072
063.315 Send ACK  0
063.377 Recv ACK  0
063.377 Send DATA 1 0, ID 10067
064.153 Recv DATA 1 0, ID 20073
064.155 .... 74 packets received, 2412 bps, 30.15%, Err 0 (0.0e+000)
064.157 Send ACK  1
064.215 Recv ACK  1
064.215 Send DATA 0 1, ID 10068
065.001 Recv DATA 0 1, ID 20074
065.002 Send ACK  0
065.806 Recv DATA 1 1, ID 20075
065.807 Send ACK  1
066.654 Recv DATA 0 1, ID 20076
066.654 .... 77 packets received, 2414 bps, 30.17%, Err 0 (0.0e+000)
066.654 Send ACK  0
066.714 ---- DATA 0 timeout
066.714 Send DATA 0 0, ID 10068
067.463 Recv DATA 1 1, ID 20077
067.464 Send ACK  1
067.586 Recv ACK  0
067.586 Send DATA 1 1, ID 10069
068.295 Recv DATA 0 0, ID 20078
068.296 Send ACK  0
068.433 Recv ACK  1
068.433 Send DATA 0 0, ID 10070
069.125 Recv DATA 1 1, ID 20079
069.126 .... 80 packets received, 2416 bps, 30.21%, Err 0 (0.0e+000)
069.128 Send ACK  1
069.267 Recv ACK  0
069.268 Send DATA 1 1, ID 10071
069.926 Recv DATA 0 0, ID 20080
069.927 Send ACK  0
070.131 Recv ACK  1
070.132 Send DATA 0 0, ID 10072
070.751 Recv DATA 1 1, ID 20081
070.752 Send ACK  1
070.957 Recv ACK  0
070.958 Send DATA 1 1, ID 10073
071.587 Recv DATA 0 0, ID 20082
071.589 .... 83 packets received, 2419 bps, 30.24%, Err 0 (0.0e+000)
071.591 Send ACK  0
071.777 Recv ACK  1
071.777 Send DATA 0 0, ID 10074
072.442 Recv DATA 1 1, ID 20083
072.443 Send ACK  1
072.634 Recv ACK  0
072.634 Send DATA 1 1, ID 10075
073.285 Recv DATA 0 0, ID 20084
073.286 Send ACK  0
073.459 Recv ACK  1
073.460 Send DATA 0 0, ID 10076
074.172 Recv DATA 1 1, ID 20085
074.172 .... 86 packets received, 2418 bps, 30.22%, Err 0 (0.0e+000)
074.172 Send ACK  1
074.323 Recv ACK  0
074.323 Send DATA 1 1, ID 10077
074.998 Recv DATA 0 0, ID 20086
074.999 Send ACK  0
075.157 Recv ACK  1
075.157 Send DATA 0 0, ID 10078
075.821 Recv DATA 1 1, ID 20087
075.823 Send ACK  1
075.963 Recv ACK  0
075.963 Send DATA 1 1, ID 10079
076.661 Recv DATA 0 0, ID 20088
076.662 .... 89 packets received, 2419 bps, 30.24%, Err 0 (0.0e+000)
076.664 Send ACK  0
076.789 Recv ACK  1
076.790 Send DATA 0 0, ID 10080
077.499 Recv DATA 1 1, ID 20089
077.500 Send ACK  1
077.611 Recv ACK  0
077.611 Send DATA 1 1, ID 10081
078.338 Recv DATA 0 0, ID 20090
078.339 Send ACK  0
079.185 Recv DATA 1 0, ID 20091
079.186 .... 92 packets received, 2420 bps, 30.25%, Err 0 (0.0e+000)
079.188 Send ACK  1
080.067 Recv DATA 0 0, ID 20092
080.067 Send ACK  0
080.113 ---- DATA 1 timeout
080.113 Send DATA 1 0, ID 10081
080.898 Recv DATA 1 0, ID 20093
080.899 Send ACK  1
081.707 Recv DATA 0 0, ID 20094
081.710 .... 95 packets received, 2420 bps, 30.25%, Err 0 (0.0e+000)
081.713 Send ACK  0
082.544 Recv DATA 1 0, ID 20095
082.545 Send ACK  1
082.624 ---- DATA 1 timeout
082.625 Send DATA 1 1, ID 10081
083.368 Recv DATA 0 0, ID 20096
083.369 Send ACK  0
083.448 Recv ACK  1
083.448 Send DATA 0 0, ID 10082
084.161 Recv DATA 1 1, ID 20097
084.162 .... 98 packets received, 2423 bps, 30.29%, Err 0 (0.0e+000)
084.164 Send ACK  1
084.303 Recv ACK  0
084.303 Send DATA 1 1, ID 10083
084.991 Recv DATA 0 0, ID 20098
084.992 Send ACK  0
085.147 Recv ACK  1
085.149 Send DATA 0 0, ID 10084
085.822 Recv DATA 1 1, ID 20099
085.823 Send ACK  1
085.978 Recv ACK  0
085.978 Send DATA 1 1, ID 10085
086.676 Recv DATA 0 0, ID 20100
086.677 .... 101 packets received, 2423 bps, 30.29%, Err 0 (0.0e+000)
086.680 Send ACK  0
086.799 Recv ACK  1
086.800 Send DATA 0 0, ID 10086
087.469 Recv DATA 1 1, ID 20101
087.470 Send ACK  1
087.595 Recv ACK  0
087.595 Send DATA 1 1, ID 10087
088.302 Recv DATA 0 0, ID 20102
088.304 Send ACK  0
088.446 Recv ACK  1
088.447 Send DATA 0 0, ID 10088
089.129 Recv DATA 1 1, ID 20103
089.130 .... 104 packets received, 2426 bps, 30.32%, Err 0 (0.0e+000)
089.133 Send ACK  1
089.255 Recv ACK  0
089.256 Send DATA 1 1, ID 10089
089.953 Recv DATA 0 0, ID 20104
089.958 Send ACK  0
090.081 Recv ACK  1
090.081 Send DATA 0 0, ID 10090
090.756 Recv DATA 1 1, ID 20105
090.757 Send ACK  1
090.948 Recv ACK  0
090.948 Send DATA 1 1, ID 10091
091.579 Recv DATA 0 0, ID 20106
091.603 .... 107 packets received, 2428 bps, 30.35%, Err 0 (0.0e+000)
091.615 Send ACK  0
091.773 Recv ACK  1
091.774 Send DATA 0 0, ID 10092
092.418 Recv DATA 1 1, ID 20107
092.419 Send ACK  1
092.608 Recv ACK  0
092.608 Send DATA 1 1, ID 10093
093.268 Recv DATA 0 0, ID 20108
093.269 Send ACK  0
093.425 Recv ACK  1
093.428 Send DATA 0 0, ID 10094
094.089 Recv DATA 1 1, ID 20109
094.091 .... 110 packets received, 2428 bps, 30.36%, Err 0 (0.0e+000)
094.093 Send ACK  1
094.233 Recv ACK  0
094.233 Send DATA 1 1, ID 10095
094.941 Recv DATA 0 0, ID 20110
094.942 Send ACK  0
095.068 Recv ACK  1
095.068 Send DATA 0 0, ID 10096
095.765 Recv DATA 1 1, ID 20111
095.766 Send ACK  1
095.877 Recv ACK  0
095.877 Send DATA 1 1, ID 10097
096.582 Recv DATA 0 0, ID 20112
096.583 .... 113 packets received, 2429 bps, 30.37%, Err 0 (0.0e+000)
096.586 Send ACK  0
096.722 Recv ACK  1
096.722 Send DATA 0 0, ID 10098
097.406 Recv DATA 1 1, ID 20113
097.407 Send ACK  1
097.548 Recv ACK  0
097.548 Send DATA 1 1, ID 10099
098.231 Recv DATA 0 0, ID 20114
098.232 Send ACK  0
098.373 Recv ACK  1
098.374 Send DATA 0 0, ID 10100
099.064 Recv DATA 1 1, ID 20115
099.065 .... 116 packets received, 2431 bps, 30.38%, Err 0 (0.0e+000)
099.068 Send ACK  1
099.192 Recv ACK  0
099.193 Send DATA 1 1, ID 10101
099.885 Recv DATA 0 0, ID 20116
099.890 Send ACK  0
100.045 Recv ACK  1
100.045 Send DATA 0 0, ID 10102
100.885 Recv ACK  0
100.885 Send DATA 1 0, ID 10103
101.726 Recv ACK  1
101.727 Send DATA 0 0, ID 10104
102.563 Recv ACK  0
102.564 Send DATA 1 0, ID 10105
103.414 Recv ACK  1
103.415 Send DATA 0 0, ID 10106
103.953 Recv DATA 1 1, ID 20117
103.954 .... 118 packets received, 2355 bps, 29.43%, Err 0 (0.0e+000)
103.956 Send ACK  1
104.253 Recv ACK  0
104.254 Send DATA 1 1, ID 10107
105.122 Recv ACK  1
105.123 Send DATA 0 1, ID 10108
105.953 Recv ACK  0
105.956 Send DATA 1 1, ID 10109
106.757 Recv ACK  1
106.758 Send DATA 0 1, ID 10110
107.567 Recv ACK  0
107.567 Send DATA 1 1, ID 10111
107.990 Recv DATA 0 0, ID 20118
107.992 .... 119 packets received, 2285 bps, 28.56%, Err 0 (0.0e+000)
107.994 Send ACK  0
108.434 Recv ACK  1
108.436 Send DATA 0 0, ID 10112
109.255 Recv ACK  0
109.256 Send DATA 1 0, ID 10113
110.063 Recv ACK  1
110.064 Send DATA 0 0, ID 10114
110.882 Recv ACK  0
110.885 Send DATA 1 0, ID 10115
111.694 Recv ACK  1
111.696 Send DATA 0 0, ID 10116
112.027 Recv DATA 1 1, ID 20119
112.028 .... 120 packets received, 2220 bps, 27.75%, Err 0 (0.0e+000)
112.030 Send ACK  1
112.505 Recv ACK  0
112.506 Send DATA 1 1, ID 10117
113.341 Recv ACK  1
113.341 Send DATA 0 1, ID 10118
114.195 Recv ACK  0
114.195 Send DATA 1 1, ID 10119
115.062 Recv ACK  1
115.063 Send DATA 0 1, ID 10120
115.909 Recv ACK  0
115.909 Send DATA 1 1, ID 10121
116.174 Recv DATA 0 0, ID 20120
116.175 .... 121 packets received, 2158 bps, 26.97%, Err 0 (0.0e+000)
116.177 Send ACK  0
116.744 Recv ACK  1
116.744 Send DATA 0 0, ID 10122
117.552 Recv ACK  0
117.554 Send DATA 1 0, ID 10123
118.378 Recv ACK  1
118.379 Send DATA 0 0, ID 10124
119.206 Recv ACK  0
119.206 Send DATA 1 0, ID 10125
120.253 Recv DATA 1 0, ID 20121
120.254 .... 122 packets received, 2101 bps, 26.26%, Err 0 (0.0e+000)
120.257 Send ACK  1
121.707 ---- DATA 1 timeout
121.708 Send DATA 1 1, ID 10125
122.601 Recv ACK  1
122.601 Send DATA 0 1, ID 10126
124.048 Recv ACK  1
124.312 Recv DATA 0 1, ID 20122
124.313 .... 123 packets received, 2048 bps, 25.60%, Err 0 (0.0e+000)
124.316 Send ACK  0
125.081 ---- DATA 0 timeout
125.081 Send DATA 0 0, ID 10126
125.897 Recv ACK  0
125.897 Send DATA 1 0, ID 10127
126.736 Recv ACK  1
126.736 Send DATA 0 0, ID 10128
127.544 Recv ACK  0
127.544 Send DATA 1 0, ID 10129
128.334 Recv DATA 1 0, ID 20123
128.336 .... 124 packets received, 1999 bps, 24.99%, Err 0 (0.0e+000)
128.338 Send ACK  1
128.367 Recv ACK  1
128.367 Send DATA 0 1, ID 10130
129.192 Recv ACK  0
129.198 Send DATA 1 1, ID 10131
130.029 Recv ACK  1
130.030 Send DATA 0 1, ID 10132
130.863 Recv ACK  0
130.864 Send DATA 1 1, ID 10133
131.663 Recv ACK  1
131.663 Send DATA 0 1, ID 10134
132.551 Recv DATA 0 1, ID 20124
132.551 .... 125 packets received, 1951 bps, 24.38%, Err 0 (0.0e+000)
132.551 Send ACK  0
134.174 ---- DATA 0 timeout
134.181 Send DATA 0 0, ID 10134
134.997 Recv ACK  0
134.997 Send DATA 1 0, ID 10135
135.844 Recv ACK  0
136.381 Recv ACK  1
136.381 Send DATA 0 0, ID 10136
136.651 Recv DATA 1 1, ID 20125
136.653 .... 126 packets received, 1907 bps, 23.84%, Err 0 (0.0e+000)
136.656 Send ACK  1
137.202 Recv ACK  0
137.203 Send DATA 1 1, ID 10137
138.025 Recv ACK  1
138.025 Send DATA 0 1, ID 10138
138.809 Recv ACK  0
138.809 Send DATA 1 1, ID 10139
139.665 Recv ACK  1
139.665 Send DATA 0 1, ID 10140
140.524 Recv ACK  0
140.525 Send DATA 1 1, ID 10141
140.887 Recv DATA 0 0, ID 20126
140.888 .... 127 packets received, 1864 bps, 23.30%, Err 0 (0.0e+000)
140.892 Send ACK  0
141.351 Recv ACK  1
141.353 Send DATA 0 0, ID 10142
142.173 Recv ACK  0
142.173 Send DATA 1 0, ID 10143
143.039 Recv ACK  1
143.040 Send DATA 0 0, ID 10144
143.879 Recv ACK  0
143.879 Send DATA 1 0, ID 10145
144.715 Recv ACK  1
144.715 Send DATA 0 0, ID 10146
145.106 Recv DATA 1 1, ID 20127
145.107 .... 128 packets received, 1823 bps, 22.79%, Err 0 (0.0e+000)
145.109 Send ACK  1
145.527 Recv ACK  0
145.527 Send DATA 1 1, ID 10147
146.336 Recv ACK  1
146.336 Send DATA 0 1, ID 10148
147.161 Recv ACK  0
147.161 Send DATA 1 1, ID 10149
148.039 Recv ACK  1
148.039 Send DATA 0 1, ID 10150
149.048 Recv DATA 0 1, ID 20128
149.049 .... 129 packets received, 1788 bps, 22.35%, Err 0 (0.0e+000)
149.052 Send ACK  0
149.078 Recv ACK  0
149.078 Send DATA 1 0, ID 10151
149.885 Recv ACK  1
149.885 Send DATA 0 0, ID 10152
150.751 Recv ACK  0
150.751 Send DATA 1 0, ID 10153
151.600 Recv ACK  1
151.600 Send DATA 0 0, ID 10154
152.438 Recv ACK  0
152.440 Send DATA 1 0, ID 10155
153.186 Recv DATA 1 0, ID 20129
153.188 .... 130 packets received, 1753 bps, 21.91%, Err 0 (0.0e+000)
153.191 Send ACK  1
153.279 Recv ACK  1
153.279 Send DATA 0 1, ID 10156
154.106 Recv ACK  0
154.107 Send DATA 1 1, ID 10157
154.931 Recv ACK  1
154.931 Send DATA 0 1, ID 10158
155.772 Recv ACK  0
155.773 Send DATA 1 1, ID 10159
156.615 Recv ACK  1
156.616 Send DATA 0 1, ID 10160
157.309 Recv DATA 0 1, ID 20130
157.311 .... 131 packets received, 1720 bps, 21.50%, Err 0 (0.0e+000)
157.313 Send ACK  0
157.435 Recv ACK  0
157.436 Send DATA 1 0, ID 10161
158.266 Recv ACK  1
158.268 Send DATA 0 0, ID 10162
159.096 Recv ACK  0
159.097 Send DATA 1 0, ID 10163
159.936 Recv ACK  1
159.937 Send DATA 0 0, ID 10164
160.775 Recv ACK  0
160.775 Send DATA 1 0, ID 10165
161.429 Recv DATA 1 0, ID 20131
161.430 .... 132 packets received, 1688 bps, 21.11%, Err 0 (0.0e+000)
161.434 Send ACK  1
161.667 Recv ACK  1
161.668 Send DATA 0 1, ID 10166
162.487 Recv ACK  0
162.488 Send DATA 1 1, ID 10167
164.987 ---- DATA 1 timeout
164.988 Send DATA 1 1, ID 10167
165.458 Recv DATA 0 0, ID 20132
165.459 .... 133 packets received, 1660 bps, 20.74%, Err 0 (0.0e+000)
165.461 Send ACK  0
165.823 Recv ACK  1
165.824 Send DATA 0 0, ID 10168
166.667 Recv ACK  0
166.668 Send DATA 1 0, ID 10169
167.474 Recv ACK  1
167.474 Send DATA 0 0, ID 10170
168.288 Recv ACK  0
168.289 Send DATA 1 0, ID 10171
169.119 Recv ACK  1
169.120 Send DATA 0 0, ID 10172
169.567 Recv DATA 1 1, ID 20133
169.568 .... 134 packets received, 1631 bps, 20.39%, Err 0 (0.0e+000)
169.571 Send ACK  1
169.949 Recv ACK  0
169.949 Send DATA 1 1, ID 10173
170.772 Recv ACK  1
170.772 Send DATA 0 1, ID 10174
171.608 Recv ACK  0
171.608 Send DATA 1 1, ID 10175
172.430 Recv ACK  1
172.430 Send DATA 0 1, ID 10176
173.257 Recv ACK  0
173.257 Send DATA 1 1, ID 10177
173.589 Recv DATA 0 0, ID 20134
173.590 .... 135 packets received, 1605 bps, 20.06%, Err 0 (0.0e+000)
173.592 Send ACK  0
174.081 Recv ACK  1
174.082 Send DATA 0 0, ID 10178
174.889 Recv ACK  0
174.889 Send DATA 1 0, ID 10179
175.742 Recv ACK  1
175.742 Send DATA 0 0, ID 10180
176.570 Recv ACK  0
176.570 Send DATA 1 0, ID 10181
177.400 Recv ACK  1
177.401 Send DATA 0 0, ID 10182
177.852 Recv DATA 1 1, ID 20135
177.853 .... 136 packets received, 1578 bps, 19.72%, Err 0 (0.0e+000)
177.855 Send ACK  1
178.242 Recv ACK  0
178.242 Send DATA 1 1, ID 10183
179.098 Recv ACK  1
179.098 Send DATA 0 1, ID 10184
179.947 Recv ACK  0
179.947 Send DATA 1 1, ID 10185
180.787 Recv ACK  1
180.787 Send DATA 0 1, ID 10186
181.830 Recv DATA 0 1, ID 20136
181.831 .... 137 packets received, 1554 bps, 19.43%, Err 0 (0.0e+000)
181.833 Send ACK  0
183.264 ---- DATA 0 timeout
183.264 Send DATA 0 0, ID 10186
184.093 Recv ACK  0
184.093 Send DATA 1 0, ID 10187
184.915 Recv ACK  0
185.578 Recv ACK  1
185.578 Send DATA 0 0, ID 10188
185.852 Recv DATA 1 1, ID 20137
185.852 .... 138 packets received, 1532 bps, 19.14%, Err 0 (0.0e+000)
185.852 Send ACK  1
186.422 Recv ACK  0
186.422 Send DATA 1 1, ID 10189
187.247 Recv ACK  1
187.247 Send DATA 0 1, ID 10190
188.098 Recv ACK  0
188.098 Send DATA 1 1, ID 10191
188.971 Recv ACK  1
188.971 Send DATA 0 1, ID 10192
190.043 Recv DATA 0 1, ID 20138
190.043 .... 139 packets received, 1508 bps, 18.86%, Err 0 (0.0e+000)
190.043 Send ACK  0
191.463 ---- DATA 0 timeout
191.463 Send DATA 0 0, ID 10192
192.288 Recv ACK  0
192.288 Send DATA 1 0, ID 10193
193.138 Recv ACK  0
193.958 Recv ACK  1
193.958 Send DATA 0 0, ID 10194
194.184 Recv DATA 1 1, ID 20139
194.184 .... 140 packets received, 1487 bps, 18.58%, Err 0 (0.0e+000)
194.184 Send ACK  1
194.793 Recv ACK  0
194.793 Send DATA 1 1, ID 10195
195.654 Recv ACK  1
195.655 Send DATA 0 1, ID 10196
196.537 Recv ACK  0
196.537 Send DATA 1 1, ID 10197
197.323 Recv ACK  1
197.323 Send DATA 0 1, ID 10198
198.190 Recv ACK  0
198.190 Send DATA 1 1, ID 10199
198.503 Recv DATA 0 0, ID 20140
198.503 .... 141 packets received, 1464 bps, 18.31%, Err 0 (0.0e+000)
198.503 Send ACK  0
199.006 Recv ACK  1
199.011 Send DATA 0 0, ID 10200
199.835 Recv ACK  0
199.835 Send DATA 1 0, ID 10201
200.576 Recv DATA 1 0, ID 20141
200.576 .... 142 packets received, 1460 bps, 18.24%, Err 0 (0.0e+000)
200.576 Send ACK  1
200.697 Recv ACK  1
200.697 Send DATA 0 1, ID 10202
201.415 Recv DATA 0 1, ID 20142
201.415 Send ACK  0
201.525 Recv ACK  0
201.525 Send DATA 1 0, ID 10203
202.282 Recv DATA 1 0, ID 20143
202.282 Send ACK  1
202.348 Recv ACK  1
202.348 Send DATA 0 1, ID 10204
203.118 Recv DATA 0 1, ID 20144
203.238 .... 145 packets received, 1472 bps, 18.39%, Err 0 (0.0e+000)
203.248 Send ACK  0
203.248 Recv ACK  0
203.257 Send DATA 1 0, ID 10205
204.078 Recv DATA 1 0, ID 20145
204.078 Send ACK  1
204.676 Recv ACK  1
204.676 Send DATA 0 1, ID 10206
204.913 Recv DATA 0 1, ID 20146
204.915 Send ACK  0
205.493 Recv ACK  0
205.493 Send DATA 1 0, ID 10207
206.337 Recv DATA 1 0, ID 20147
206.337 .... 148 packets received, 1478 bps, 18.48%, Err 0 (0.0e+000)
206.342 Send ACK  1
206.923 Recv ACK  1
206.923 Send DATA 0 1, ID 10208
207.163 Recv DATA 0 1, ID 20148
207.163 Send ACK  0
207.744 Recv ACK  0
207.744 Send DATA 1 0, ID 10209
208.026 Recv DATA 1 0, ID 20149
208.026 Send ACK  1
208.621 Recv ACK  1
208.621 Send DATA 0 1, ID 10210
208.903 Recv DATA 0 1, ID 20150
208.903 .... 151 packets received, 1490 bps, 18.62%, Err 0 (0.0e+000)
208.903 Send ACK  0
209.735 Recv DATA 1 1, ID 20151
209.735 Send ACK  1
210.608 Recv DATA 0 1, ID 20152
210.608 Send ACK  0
211.113 ---- DATA 0 timeout
211.113 Send DATA 0 0, ID 10210
211.443 Recv DATA 1 1, ID 20153
211.445 .... 154 packets received, 1501 bps, 18.76%, Err 0 (0.0e+000)
211.447 Send ACK  1
211.935 Recv ACK  0
211.935 Send DATA 1 1, ID 10211
212.276 Recv DATA 0 0, ID 20154
212.276 Send ACK  0
212.770 Recv ACK  1
212.770 Send DATA 0 0, ID 10212
213.110 Recv DATA 1 1, ID 20155
213.110 Send ACK  1
213.593 Recv ACK  0
213.593 Send DATA 1 1, ID 10213
213.933 Recv DATA 0 0, ID 20156
213.933 .... 157 packets received, 1512 bps, 18.90%, Err 0 (0.0e+000)
213.933 Send ACK  0
214.428 Recv ACK  1
214.428 Send DATA 0 0, ID 10214
214.770 Recv DATA 1 1, ID 20157
214.770 Send ACK  1
215.269 Recv ACK  0
215.269 Send DATA 1 1, ID 10215
215.633 Recv DATA 0 0, ID 20158
215.633 Send ACK  0
216.113 Recv ACK  1
216.113 Send DATA 0 0, ID 10216
216.234 ** WARNING: System too busy, sleep 15 ms, but be awakened 91 ms later
216.563 Recv DATA 1 1, ID 20159
216.563 .... 160 packets received, 1522 bps, 19.03%, Err 0 (0.0e+000)
216.563 Send ACK  1
217.028 Recv ACK  0
217.028 Send DATA 1 1, ID 10217
217.413 Recv DATA 0 0, ID 20160
217.413 Send ACK  0
217.853 Recv ACK  1
217.853 Send DATA 0 0, ID 10218
218.245 Recv DATA 1 1, ID 20161
218.245 Send ACK  1
218.725 Recv ACK  0
218.725 Send DATA 1 1, ID 10219
219.053 Recv DATA 0 0, ID 20162
219.053 .... 163 packets received, 1533 bps, 19.16%, Err 0 (0.0e+000)
219.053 Send ACK  0
219.563 Recv ACK  1
219.563 Send DATA 0 0, ID 10220
219.890 Recv DATA 1 1, ID 20163
219.890 Send ACK  1
220.435 Recv ACK  0
220.435 Send DATA 1 1, ID 10221
220.708 Recv DATA 0 0, ID 20164
220.708 Send ACK  0
221.286 Recv ACK  1
221.286 Send DATA 0 0, ID 10222
221.522 Recv DATA 1 1, ID 20165
221.522 .... 166 packets received, 1544 bps, 19.30%, Err 0 (0.0e+000)
221.522 Send ACK  1
222.112 Recv ACK  0
222.112 Send DATA 1 1, ID 10223
222.427 Recv DATA 0 0, ID 20166
222.427 Send ACK  0
222.955 Recv ACK  1
222.955 Send DATA 0 0, ID 10224
223.298 Recv DATA 1 1, ID 20167
223.298 Send ACK  1
223.815 Recv ACK  0
223.815 Send DATA 1 1, ID 10225
224.158 Recv DATA 0 0, ID 20168
224.158 .... 169 packets received, 1553 bps, 19.42%, Err 0 (0.0e+000)
224.158 Send ACK  0
224.651 Recv ACK  1
224.651 Send DATA 0 0, ID 10226
224.978 Recv DATA 1 1, ID 20169
224.978 Send ACK  1
225.455 Recv ACK  0
225.455 Send DATA 1 1, ID 10227
225.779 Recv DATA 0 0, ID 20170
225.780 Send ACK  0
226.321 Recv ACK  1
226.322 Send DATA 0 0, ID 10228
226.618 Recv DATA 1 1, ID 20171
226.618 .... 172 packets received, 1564 bps, 19.54%, Err 0 (0.0e+000)
226.623 Send ACK  1
227.193 Recv ACK  0
227.193 Send DATA 1 1, ID 10229
227.461 Recv DATA 0 0, ID 20172
227.461 Send ACK  0
228.075 Recv ACK  1
228.075 Send DATA 0 0, ID 10230
228.931 Recv DATA 1 1, ID 20173
228.931 .... 174 packets received, 1566 bps, 19.57%, Err 0 (0.0e+000)
228.931 Send ACK  1
229.531 Recv ACK  0
229.531 Send DATA 1 1, ID 10231
229.768 Recv DATA 0 0, ID 20174
229.768 Send ACK  0
230.379 Recv ACK  1
230.379 Send DATA 0 0, ID 10232
230.643 Recv DATA 1 1, ID 20175
230.643 Send ACK  1
231.258 Recv ACK  0
231.258 Send DATA 1 1, ID 10233
231.478 Recv DATA 0 0, ID 20176
231.478 .... 177 packets received, 1575 bps, 19.69%, Err 0 (0.0e+000)
231.478 Send ACK  0
232.123 Recv ACK  1
232.123 Send DATA 0 0, ID 10234
232.968 Recv DATA 1 1, ID 20177
232.968 Send ACK  1
233.545 Recv ACK  0
233.545 Send DATA 1 1, ID 10235
233.815 Recv DATA 0 0, ID 20178
233.815 .... 179 packets received, 1577 bps, 19.71%, Err 0 (0.0e+000)
233.815 Send ACK  0
234.365 Recv ACK  1
234.365 Send DATA 0 0, ID 10236
234.633 Recv DATA 1 1, ID 20179
234.633 Send ACK  1
235.193 Recv ACK  0
235.194 Send DATA 1 1, ID 10237
235.483 Recv DATA 0 0, ID 20180
235.483 Send ACK  0
236.043 Recv ACK  1
236.043 Send DATA 0 0, ID 10238
236.313 Recv DATA 1 1, ID 20181
236.313 .... 182 packets received, 1586 bps, 19.83%, Err 0 (0.0e+000)
236.313 Send ACK  1
236.863 Recv ACK  0
236.864 Send DATA 1 1, ID 10239
237.153 Recv DATA 0 0, ID 20182
237.153 Send ACK  0
237.706 Recv ACK  1
237.706 Send DATA 0 0, ID 10240
237.973 Recv DATA 1 1, ID 20183
237.973 Send ACK  1
238.530 Recv ACK  0
238.535 Send DATA 1 1, ID 10241
238.810 Recv DATA 0 0, ID 20184
238.812 .... 185 packets received, 1595 bps, 19.94%, Err 0 (0.0e+000)
238.814 Send ACK  0
239.350 Recv ACK  1
239.351 Send DATA 0 0, ID 10242
239.634 Recv DATA 1 1, ID 20185
239.635 Send ACK  1
240.255 Recv ACK  0
240.255 Send DATA 1 1, ID 10243
240.486 Recv DATA 0 0, ID 20186
240.486 Send ACK  0
241.087 Recv ACK  1
241.087 Send DATA 0 0, ID 10244
241.943 Recv DATA 1 1, ID 20187
241.943 .... 188 packets received, 1600 bps, 20.00%, Err 0 (0.0e+000)
241.943 Send ACK  1
241.969 Recv ACK  0
241.969 Send DATA 1 1, ID 10245
242.807 Recv DATA 0 0, ID 20188
242.807 Send ACK  0
242.833 Recv ACK  1
242.833 Send DATA 0 0, ID 10246
243.663 Recv DATA 1 1, ID 20189
243.663 Send ACK  1
243.693 Recv ACK  0
243.693 Send DATA 1 1, ID 10247
244.468 Recv DATA 0 0, ID 20190
244.468 .... 191 packets received, 1609 bps, 20.11%, Err 0 (0.0e+000)
244.468 Send ACK  0
244.528 Recv ACK  1
244.528 Send DATA 0 0, ID 10248
245.312 Recv DATA 1 1, ID 20191
245.312 Send ACK  1
245.342 Recv ACK  0
245.342 Send DATA 1 1, ID 10249
246.098 Recv DATA 0 0, ID 20192
246.098 Send ACK  0
246.205 Recv ACK  1
246.205 Send DATA 0 0, ID 10250
246.452 ** WARNING: System too busy, sleep 15 ms, but be awakened 77 ms later
246.942 Recv DATA 1 1, ID 20193
246.943 .... 194 packets received, 1618 bps, 20.22%, Err 0 (0.0e+000)
246.945 Send ACK  1
247.083 Recv ACK  0
247.084 Send DATA 1 1, ID 10251
247.755 Recv DATA 0 0, ID 20194
247.755 Send ACK  0
247.896 Recv ACK  1
247.897 Send DATA 0 0, ID 10252
248.583 Recv DATA 1 1, ID 20195
248.583 Send ACK  1
248.737 Recv ACK  0
248.737 Send DATA 1 1, ID 10253
249.427 Recv DATA 0 0, ID 20196
249.427 .... 197 packets received, 1626 bps, 20.33%, Err 0 (0.0e+000)
249.427 Send ACK  0
249.600 Recv ACK  1
249.600 Send DATA 0 0, ID 10254
250.268 Recv DATA 1 1, ID 20197
250.269 Send ACK  1
250.415 Recv ACK  0
250.415 Send DATA 1 1, ID 10255
251.131 Recv DATA 0 0, ID 20198
251.131 Send ACK  0
251.293 Recv ACK  1
251.293 Send DATA 0 0, ID 10256
251.965 Recv DATA 1 1, ID 20199
251.965 .... 200 packets received, 1634 bps, 20.43%, Err 0 (0.0e+000)
251.965 Send ACK  1
252.170 Recv ACK  0
252.170 Send DATA 1 1, ID 10257
252.813 Recv DATA 0 0, ID 20200
252.813 Send ACK  0
253.015 Recv ACK  1
253.015 Send DATA 0 0, ID 10258
253.646 Recv DATA 1 1, ID 20201
253.646 Send ACK  1
253.856 Recv ACK  0
253.856 Send DATA 1 1, ID 10259
254.496 Recv DATA 0 0, ID 20202
254.496 .... 203 packets received, 1642 bps, 20.53%, Err 0 (0.0e+000)
254.496 Send ACK  0
254.676 Recv ACK  1
254.676 Send DATA 0 0, ID 10260
255.318 Recv DATA 1 1, ID 20203
255.318 Send ACK  1
255.498 Recv ACK  0
255.498 Send DATA 1 1, ID 10261
256.158 Recv DATA 0 0, ID 20204
256.158 Send ACK  0
256.308 Recv ACK  1
256.308 Send DATA 0 0, ID 10262
257.023 Recv DATA 1 1, ID 20205
257.023 .... 206 packets received, 1650 bps, 20.62%, Err 0 (0.0e+000)
257.023 Send ACK  1
257.125 Recv ACK  0
257.125 Send DATA 1 1, ID 10263
257.868 Recv DATA 0 0, ID 20206
257.868 Send ACK  0
257.955 Recv ACK  1
257.955 Send DATA 0 0, ID 10264
258.713 Recv DATA 1 1, ID 20207
258.713 Send ACK  1
258.804 Recv ACK  0
258.804 Send DATA 1 1, ID 10265
259.569 Recv DATA 0 0, ID 20208
259.569 .... 209 packets received, 1657 bps, 20.72%, Err 0 (0.0e+000)
259.569 Send ACK  0
259.629 Recv ACK  1
259.629 Send DATA 0 0, ID 10266
260.426 Recv DATA 1 1, ID 20209
260.426 Send ACK  1
260.486 Recv ACK  0
260.486 Send DATA 1 1, ID 10267
261.268 Recv DATA 0 0, ID 20210
261.268 Send ACK  0
261.328 Recv ACK  1
261.329 Send DATA 0 0, ID 10268
262.069 Recv DATA 1 1, ID 20211
262.069 .... 212 packets received, 1665 bps, 20.81%, Err 0 (0.0e+000)
262.069 Send ACK  1
262.130 Recv ACK  0
262.130 Send DATA 1 1, ID 10269
262.910 Recv DATA 0 0, ID 20212
262.910 Send ACK  0
262.940 Recv ACK  1
262.940 Send DATA 0 0, ID 10270
263.635 TCP disconnected.
