000.000 =============================================================
000.000                     Station A                               
000.000 -------------------------------------------------------------
000.000 Protocol.lib, version 4.0, jiangyanjun0718@bupt.edu.cn
000.000 Channel: 8000 bps, 270 ms propagation delay, bit error rate 1.0E-004
000.000 Log file "C:\Users\winph\OneDrive\bupt_materials\sophomore_second_term\computer_network\Lab1-2018(Win+Linux)\SR\sr-A.log", TCP port 59144, debug mask 0x00
000.000 Station A is waiting for station B on TCP port 59144 ... Done.
000.347 New epoch: Thu May 13 17:48:16 2021
000.347 =================================================================
000.347 
003.915 .... 1 packets received, 620 bps, 7.75%, Err 4 (1.9e-004)
008.316 .... 9 packets received, 2392 bps, 29.90%, Err 7 (1.4e-004)
010.441 .... 19 packets received, 3958 bps, 49.48%, Err 8 (1.2e-004)
012.579 .... 27 packets received, 4620 bps, 57.75%, Err 8 (9.6e-005)
016.648 .... 31 packets received, 3959 bps, 49.49%, Err 11 (1.0e-004)
018.863 .... 38 packets received, 4264 bps, 53.30%, Err 12 (9.5e-005)
023.505 .... 45 packets received, 4026 bps, 50.32%, Err 15 (9.5e-005)
028.932 .... 52 packets received, 3760 bps, 47.00%, Err 18 (9.4e-005)
033.001 .... 56 packets received, 3541 bps, 44.26%, Err 24 (1.1e-004)
037.629 .... 65 packets received, 3596 bps, 44.95%, Err 29 (1.2e-004)
043.066 .... 72 packets received, 3473 bps, 43.42%, Err 33 (1.2e-004)
045.210 .... 81 packets received, 3720 bps, 46.49%, Err 33 (1.1e-004)
049.585 .... 86 packets received, 3596 bps, 44.95%, Err 35 (1.1e-004)
054.766 .... 92 packets received, 3479 bps, 43.49%, Err 36 (1.0e-004)
056.930 .... 103 packets received, 3746 bps, 46.82%, Err 37 (9.8e-005)
062.099 .... 111 packets received, 3697 bps, 46.21%, Err 40 (9.7e-005)
064.575 .... 121 packets received, 3874 bps, 48.43%, Err 41 (9.5e-005)
069.521 .... 128 packets received, 3804 bps, 47.55%, Err 46 (9.9e-005)
077.740 .... 134 packets received, 3558 bps, 44.48%, Err 55 (1.1e-004)
079.950 .... 144 packets received, 3717 bps, 46.46%, Err 56 (1.1e-004)
083.255 .... 145 packets received, 3593 bps, 44.92%, Err 56 (1.0e-004)
088.283 .... 156 packets received, 3644 bps, 45.55%, Err 57 (9.7e-005)
092.710 .... 165 packets received, 3669 bps, 45.86%, Err 61 (9.9e-005)
094.925 .... 175 packets received, 3800 bps, 47.50%, Err 62 (9.8e-005)
099.309 .... 180 packets received, 3735 bps, 46.69%, Err 66 (1.0e-004)
104.067 .... 189 packets received, 3741 bps, 46.77%, Err 70 (1.0e-004)
108.975 .... 192 packets received, 3629 bps, 45.36%, Err 75 (1.0e-004)
113.998 .... 202 packets received, 3649 bps, 45.61%, Err 77 (1.0e-004)
119.240 .... 214 packets received, 3694 bps, 46.18%, Err 80 (1.0e-004)
121.241 .... 221 packets received, 3752 bps, 46.90%, Err 82 (1.0e-004)
124.557 .... 225 packets received, 3718 bps, 46.47%, Err 82 (9.9e-005)
126.724 .... 236 packets received, 3832 bps, 47.91%, Err 84 (9.9e-005)
130.018 .... 237 packets received, 3751 bps, 46.88%, Err 87 (1.0e-004)
133.598 .... 239 packets received, 3681 bps, 46.01%, Err 89 (1.0e-004)
135.853 .... 251 packets received, 3801 bps, 47.51%, Err 90 (9.9e-005)
139.911 .... 255 packets received, 3749 bps, 46.86%, Err 94 (1.0e-004)
142.362 .... 264 packets received, 3814 bps, 47.68%, Err 95 (1.0e-004)
146.471 .... 268 packets received, 3763 bps, 47.04%, Err 98 (1.0e-004)
148.899 .... 277 packets received, 3826 bps, 47.82%, Err 100 (1.0e-004)
152.754 .... 280 packets received, 3769 bps, 47.11%, Err 102 (1.0e-004)
157.129 .... 288 packets received, 3768 bps, 47.11%, Err 104 (9.9e-005)
160.925 .... 291 packets received, 3718 bps, 46.47%, Err 107 (1.0e-004)
163.045 .... 298 packets received, 3757 bps, 46.97%, Err 108 (9.9e-005)
168.260 .... 299 packets received, 3653 bps, 45.66%, Err 112 (1.0e-004)
170.417 .... 311 packets received, 3751 bps, 46.89%, Err 113 (9.9e-005)
174.860 .... 316 packets received, 3714 bps, 46.43%, Err 117 (1.0e-004)
178.969 .... 320 packets received, 3674 bps, 45.93%, Err 121 (1.0e-004)
186.727 .... 326 packets received, 3587 bps, 44.84%, Err 129 (1.0e-004)
191.122 .... 335 packets received, 3601 bps, 45.02%, Err 132 (1.0e-004)
193.583 .... 344 packets received, 3651 bps, 45.64%, Err 132 (1.0e-004)
197.451 .... 347 packets received, 3610 bps, 45.13%, Err 133 (1.0e-004)
204.848 .... 356 packets received, 3570 bps, 44.62%, Err 140 (1.0e-004)
206.980 .... 367 packets received, 3642 bps, 45.53%, Err 141 (1.0e-004)
211.910 .... 374 packets received, 3625 bps, 45.31%, Err 145 (1.0e-004)
215.720 .... 377 packets received, 3589 bps, 44.87%, Err 147 (1.0e-004)
217.903 .... 384 packets received, 3619 bps, 45.24%, Err 150 (1.0e-004)
220.672 .... 387 packets received, 3602 bps, 45.02%, Err 151 (1.0e-004)
225.558 ** WARNING: System too busy, sleep 15 ms, but be awakened 100 ms later
228.207 .... 395 packets received, 3554 bps, 44.43%, Err 161 (1.1e-004)
230.228 .... 405 packets received, 3612 bps, 45.15%, Err 162 (1.1e-004)
235.432 .... 413 packets received, 3602 bps, 45.02%, Err 168 (1.1e-004)
240.052 .... 417 packets received, 3567 bps, 44.58%, Err 171 (1.1e-004)
244.712 .... 426 packets received, 3574 bps, 44.68%, Err 173 (1.1e-004)
249.119 .... 434 packets received, 3577 bps, 44.71%, Err 176 (1.1e-004)
251.238 .... 443 packets received, 3620 bps, 45.25%, Err 179 (1.1e-004)
254.555 .... 444 packets received, 3581 bps, 44.76%, Err 179 (1.1e-004)
256.732 .... 456 packets received, 3646 bps, 45.58%, Err 179 (1.1e-004)
258.905 .... 464 packets received, 3679 bps, 45.99%, Err 179 (1.0e-004)
261.072 .... 472 packets received, 3711 bps, 46.39%, Err 179 (1.0e-004)
263.224 .... 480 packets received, 3743 bps, 46.79%, Err 179 (1.0e-004)
268.454 .... 488 packets received, 3731 bps, 46.64%, Err 182 (1.0e-004)
270.880 .... 498 packets received, 3774 bps, 47.17%, Err 182 (1.0e-004)
273.100 .... 506 packets received, 3803 bps, 47.54%, Err 182 (1.0e-004)
276.625 .... 508 packets received, 3769 bps, 47.12%, Err 188 (1.0e-004)
280.770 .... 516 packets received, 3772 bps, 47.15%, Err 193 (1.0e-004)
282.968 .... 521 packets received, 3779 bps, 47.24%, Err 193 (1.0e-004)
285.156 .... 532 packets received, 3829 bps, 47.86%, Err 193 (1.0e-004)
287.351 .... 540 packets received, 3857 bps, 48.21%, Err 193 (1.0e-004)
291.165 .... 543 packets received, 3827 bps, 47.84%, Err 195 (1.0e-004)
296.401 .... 553 packets received, 3829 bps, 47.86%, Err 199 (1.0e-004)
300.793 .... 562 packets received, 3834 bps, 47.93%, Err 202 (1.0e-004)
303.202 .... 571 packets received, 3865 bps, 48.31%, Err 202 (9.9e-005)
308.373 .... 579 packets received, 3853 bps, 48.16%, Err 206 (1.0e-004)
310.524 .... 590 packets received, 3899 bps, 48.74%, Err 207 (9.9e-005)
317.074 .... 592 packets received, 3831 bps, 47.89%, Err 213 (1.0e-004)
319.076 .... 602 packets received, 3871 bps, 48.39%, Err 213 (1.0e-004)
321.184 .... 610 packets received, 3897 bps, 48.71%, Err 213 (9.9e-005)
326.386 .... 618 packets received, 3885 bps, 48.56%, Err 219 (1.0e-004)
331.011 .... 626 packets received, 3880 bps, 48.50%, Err 221 (9.9e-005)
333.794 ** WARNING: System too busy, sleep 15 ms, but be awakened 78 ms later
335.357 .... 634 packets received, 3879 bps, 48.49%, Err 228 (1.0e-004)
338.343 .... 640 packets received, 3881 bps, 48.51%, Err 229 (1.0e-004)
340.547 .... 650 packets received, 3916 bps, 48.95%, Err 229 (1.0e-004)
345.750 .... 658 packets received, 3904 bps, 48.81%, Err 232 (1.0e-004)
347.967 .... 668 packets received, 3939 bps, 49.23%, Err 235 (1.0e-004)
351.279 .... 669 packets received, 3907 bps, 48.84%, Err 236 (1.0e-004)
353.397 ** WARNING: System too busy, sleep 15 ms, but be awakened 103 ms later
1801.068 ** WARNING: System too busy, sleep 15 ms, but be awakened 1445931 ms later
1805.122 ** WARNING: System too busy, sleep 15 ms, but be awakened 626 ms later
1809.248 ** WARNING: System too busy, sleep 15 ms, but be awakened 76 ms later
1810.981 .... 679 packets received, 768 bps, 9.60%, Err 242 (1.0e-004)
1814.292 ** WARNING: System too busy, sleep 15 ms, but be awakened 79 ms later
1815.334 .... 684 packets received, 772 bps, 9.65%, Err 242 (1.0e-004)
1817.645 .... 686 packets received, 773 bps, 9.66%, Err 244 (1.0e-004)
1818.752 ** WARNING: System too busy, sleep 15 ms, but be awakened 67 ms later
1819.753 .... 690 packets received, 777 bps, 9.71%, Err 244 (1.0e-004)
1823.213 .... 693 packets received, 779 bps, 9.73%, Err 245 (9.9e-005)
1827.606 .... 701 packets received, 786 bps, 9.82%, Err 248 (9.9e-005)
1827.637 TCP Disconnected.
