000.000 =============================================================
000.000                     Station B                               
000.000 -------------------------------------------------------------
000.000 Protocol.lib, version 4.0, jiangyanjun0718@bupt.edu.cn
000.000 Channel: 8000 bps, 270 ms propagation delay, bit error rate 1.0E-005
000.000 Log file "C:\Users\winph\OneDrive\bupt_materials\sophomore_second_term\computer_network\Lab1-2018(Win+Linux)\SR\sr-B.log", TCP port 59144, debug mask 0x00
000.000 Station B is connecting station A (TCP port 59144) ... Done.
000.347 New epoch: Thu May 13 17:48:16 2021
000.347 =================================================================
000.347 
002.760 .... 8 packets received, 7620 bps, 95.26%, Err 0 (0.0e+000)
004.895 .... 16 packets received, 7647 bps, 95.59%, Err 0 (0.0e+000)
007.030 .... 24 packets received, 7656 bps, 95.70%, Err 0 (0.0e+000)
009.160 .... 32 packets received, 7665 bps, 95.81%, Err 0 (0.0e+000)
011.298 .... 40 packets received, 7665 bps, 95.81%, Err 0 (0.0e+000)
013.458 .... 48 packets received, 7651 bps, 95.64%, Err 0 (0.0e+000)
015.612 .... 56 packets received, 7645 bps, 95.56%, Err 0 (0.0e+000)
017.771 .... 64 packets received, 7638 bps, 95.47%, Err 0 (0.0e+000)
019.925 .... 72 packets received, 7634 bps, 95.43%, Err 1 (6.4e-006)
023.786 .... 75 packets received, 6628 bps, 82.84%, Err 2 (1.1e-005)
025.989 .... 86 packets received, 6940 bps, 86.75%, Err 2 (1.0e-005)
028.130 .... 94 packets received, 6995 bps, 87.44%, Err 2 (9.3e-006)
030.354 .... 102 packets received, 7023 bps, 87.79%, Err 2 (8.6e-006)
032.532 .... 110 packets received, 7057 bps, 88.22%, Err 3 (1.2e-005)
034.718 .... 118 packets received, 7085 bps, 88.57%, Err 3 (1.1e-005)
036.895 .... 126 packets received, 7112 bps, 88.90%, Err 3 (1.1e-005)
039.051 .... 134 packets received, 7139 bps, 89.24%, Err 3 (9.9e-006)
041.177 .... 142 packets received, 7169 bps, 89.61%, Err 4 (1.2e-005)
043.363 .... 150 packets received, 7185 bps, 89.82%, Err 4 (1.2e-005)
045.538 .... 158 packets received, 7202 bps, 90.03%, Err 4 (1.1e-005)
047.664 .... 166 packets received, 7225 bps, 90.31%, Err 4 (1.1e-005)
049.851 .... 174 packets received, 7237 bps, 90.46%, Err 4 (1.0e-005)
053.672 .... 177 packets received, 6832 bps, 85.39%, Err 5 (1.2e-005)
055.907 .... 189 packets received, 7000 bps, 87.50%, Err 5 (1.2e-005)
058.079 .... 197 packets received, 7020 bps, 87.76%, Err 5 (1.1e-005)
060.240 .... 205 packets received, 7041 bps, 88.01%, Err 5 (1.1e-005)
062.396 .... 213 packets received, 7060 bps, 88.25%, Err 5 (1.0e-005)
064.559 .... 221 packets received, 7078 bps, 88.47%, Err 5 (1.0e-005)
066.768 .... 229 packets received, 7089 bps, 88.61%, Err 5 (9.7e-006)
071.693 .... 236 packets received, 6799 bps, 84.99%, Err 6 (1.1e-005)
073.887 .... 248 packets received, 6931 bps, 86.64%, Err 6 (1.1e-005)
078.836 .... 255 packets received, 6676 bps, 83.45%, Err 9 (1.5e-005)
081.353 .... 264 packets received, 6696 bps, 83.70%, Err 9 (1.4e-005)
083.598 .... 272 packets received, 6712 bps, 83.91%, Err 9 (1.4e-005)
085.822 .... 280 packets received, 6730 bps, 84.12%, Err 9 (1.4e-005)
088.049 .... 288 packets received, 6746 bps, 84.32%, Err 9 (1.3e-005)
090.241 .... 296 packets received, 6763 bps, 84.54%, Err 9 (1.3e-005)
092.476 .... 304 packets received, 6777 bps, 84.71%, Err 9 (1.3e-005)
094.706 .... 312 packets received, 6791 bps, 84.88%, Err 9 (1.2e-005)
096.938 .... 320 packets received, 6803 bps, 85.04%, Err 9 (1.2e-005)
099.153 .... 328 packets received, 6817 bps, 85.21%, Err 9 (1.2e-005)
101.168 .... 335 packets received, 6823 bps, 85.28%, Err 9 (1.2e-005)
103.389 .... 343 packets received, 6835 bps, 85.43%, Err 9 (1.1e-005)
105.634 .... 351 packets received, 6845 bps, 85.56%, Err 9 (1.1e-005)
107.900 .... 359 packets received, 6853 bps, 85.66%, Err 9 (1.1e-005)
110.091 .... 367 packets received, 6865 bps, 85.82%, Err 9 (1.1e-005)
112.309 .... 375 packets received, 6876 bps, 85.95%, Err 9 (1.0e-005)
114.579 .... 383 packets received, 6882 bps, 86.03%, Err 9 (1.0e-005)
116.818 .... 391 packets received, 6891 bps, 86.14%, Err 9 (9.9e-006)
119.048 .... 399 packets received, 6899 bps, 86.24%, Err 9 (9.7e-006)
121.257 .... 407 packets received, 6909 bps, 86.36%, Err 9 (9.6e-006)
123.451 .... 415 packets received, 6919 bps, 86.49%, Err 9 (9.4e-006)
125.667 .... 423 packets received, 6927 bps, 86.59%, Err 9 (9.2e-006)
127.858 .... 431 packets received, 6937 bps, 86.71%, Err 9 (9.1e-006)
130.111 .... 439 packets received, 6943 bps, 86.78%, Err 10 (9.9e-006)
133.395 .... 440 packets received, 6786 bps, 84.83%, Err 10 (9.7e-006)
135.584 .... 452 packets received, 6858 bps, 85.73%, Err 11 (1.0e-005)
137.747 .... 460 packets received, 6870 bps, 85.87%, Err 11 (1.0e-005)
139.911 .... 468 packets received, 6881 bps, 86.01%, Err 11 (1.0e-005)
142.079 .... 476 packets received, 6891 bps, 86.14%, Err 11 (1.0e-005)
145.640 .... 478 packets received, 6750 bps, 84.37%, Err 12 (1.1e-005)
147.810 .... 490 packets received, 6817 bps, 85.22%, Err 12 (1.1e-005)
149.949 .... 498 packets received, 6829 bps, 85.37%, Err 12 (1.0e-005)
152.063 .... 506 packets received, 6842 bps, 85.53%, Err 12 (1.0e-005)
154.228 .... 514 packets received, 6853 bps, 85.66%, Err 12 (1.0e-005)
156.384 .... 522 packets received, 6863 bps, 85.79%, Err 12 (9.9e-006)
158.484 .... 530 packets received, 6875 bps, 85.94%, Err 12 (9.8e-006)
160.628 .... 538 packets received, 6886 bps, 86.07%, Err 13 (1.0e-005)
162.754 .... 546 packets received, 6896 bps, 86.20%, Err 13 (1.0e-005)
164.925 .... 554 packets received, 6905 bps, 86.31%, Err 14 (1.1e-005)
168.260 .... 555 packets received, 6780 bps, 84.75%, Err 14 (1.1e-005)
173.459 .... 566 packets received, 6706 bps, 83.83%, Err 16 (1.2e-005)
175.915 .... 575 packets received, 6717 bps, 83.97%, Err 16 (1.2e-005)
178.100 .... 583 packets received, 6727 bps, 84.09%, Err 16 (1.2e-005)
180.323 .... 591 packets received, 6735 bps, 84.19%, Err 16 (1.2e-005)
182.558 .... 599 packets received, 6742 bps, 84.28%, Err 16 (1.1e-005)
184.770 .... 607 packets received, 6750 bps, 84.38%, Err 16 (1.1e-005)
186.899 ** WARNING: System too busy, sleep 15 ms, but be awakened 77 ms later
187.014 .... 615 packets received, 6757 bps, 84.46%, Err 16 (1.1e-005)
189.146 .... 623 packets received, 6767 bps, 84.59%, Err 16 (1.1e-005)
191.311 .... 631 packets received, 6777 bps, 84.71%, Err 16 (1.1e-005)
193.511 .... 639 packets received, 6784 bps, 84.80%, Err 16 (1.1e-005)
195.652 .... 647 packets received, 6794 bps, 84.92%, Err 16 (1.1e-005)
197.867 .... 655 packets received, 6800 bps, 85.01%, Err 16 (1.0e-005)
202.222 .... 660 packets received, 6704 bps, 83.80%, Err 17 (1.1e-005)
204.440 .... 672 packets received, 6752 bps, 84.40%, Err 17 (1.1e-005)
206.578 .... 680 packets received, 6761 bps, 84.52%, Err 17 (1.1e-005)
208.710 .... 688 packets received, 6771 bps, 84.64%, Err 17 (1.1e-005)
210.879 .... 696 packets received, 6779 bps, 84.74%, Err 17 (1.0e-005)
212.988 .... 704 packets received, 6789 bps, 84.86%, Err 17 (1.0e-005)
215.159 .... 712 packets received, 6796 bps, 84.96%, Err 17 (1.0e-005)
217.299 .... 720 packets received, 6805 bps, 85.06%, Err 17 (1.0e-005)
219.477 .... 728 packets received, 6812 bps, 85.15%, Err 17 (1.0e-005)
221.641 .... 736 packets received, 6820 bps, 85.24%, Err 17 (9.9e-006)
223.801 .... 744 packets received, 6827 bps, 85.34%, Err 17 (9.8e-006)
225.558 ** WARNING: System too busy, sleep 15 ms, but be awakened 100 ms later
225.991 .... 752 packets received, 6833 bps, 85.42%, Err 17 (9.7e-006)
228.109 .... 760 packets received, 6842 bps, 85.52%, Err 17 (9.6e-006)
230.243 .... 768 packets received, 6849 bps, 85.62%, Err 17 (9.6e-006)
232.449 .... 776 packets received, 6855 bps, 85.69%, Err 17 (9.5e-006)
234.586 .... 784 packets received, 6862 bps, 85.78%, Err 17 (9.4e-006)
236.762 .... 792 packets received, 6869 bps, 85.86%, Err 17 (9.3e-006)
238.942 .... 800 packets received, 6874 bps, 85.93%, Err 17 (9.2e-006)
241.087 .... 808 packets received, 6881 bps, 86.02%, Err 17 (9.1e-006)
243.291 .... 816 packets received, 6886 bps, 86.08%, Err 17 (9.0e-006)
245.394 .... 824 packets received, 6894 bps, 86.18%, Err 17 (8.9e-006)
247.529 .... 832 packets received, 6901 bps, 86.26%, Err 17 (8.9e-006)
249.682 .... 840 packets received, 6907 bps, 86.34%, Err 17 (8.8e-006)
251.831 .... 848 packets received, 6913 bps, 86.41%, Err 17 (8.7e-006)
253.992 .... 856 packets received, 6919 bps, 86.48%, Err 18 (9.1e-006)
257.283 .... 857 packets received, 6838 bps, 85.48%, Err 19 (9.6e-006)
259.706 .... 866 packets received, 6845 bps, 85.57%, Err 19 (9.5e-006)
261.916 .... 874 packets received, 6850 bps, 85.63%, Err 19 (9.4e-006)
264.068 .... 882 packets received, 6856 bps, 85.70%, Err 19 (9.3e-006)
266.244 .... 890 packets received, 6862 bps, 85.77%, Err 19 (9.2e-006)
268.438 .... 898 packets received, 6867 bps, 85.83%, Err 19 (9.1e-006)
270.615 .... 906 packets received, 6872 bps, 85.90%, Err 20 (9.5e-006)
272.801 .... 914 packets received, 6877 bps, 85.96%, Err 20 (9.5e-006)
276.942 .... 918 packets received, 6804 bps, 85.05%, Err 21 (9.8e-006)
279.123 .... 929 packets received, 6831 bps, 85.39%, Err 21 (9.7e-006)
281.285 .... 937 packets received, 6837 bps, 85.46%, Err 21 (9.7e-006)
283.454 .... 945 packets received, 6842 bps, 85.53%, Err 21 (9.6e-006)
287.854 .... 950 packets received, 6773 bps, 84.67%, Err 23 (1.0e-005)
290.009 .... 961 packets received, 6801 bps, 85.01%, Err 23 (1.0e-005)
292.164 .... 969 packets received, 6807 bps, 85.08%, Err 23 (1.0e-005)
294.328 .... 977 packets received, 6812 bps, 85.15%, Err 23 (1.0e-005)
296.479 .... 985 packets received, 6818 bps, 85.23%, Err 23 (1.0e-005)
298.622 .... 993 packets received, 6824 bps, 85.30%, Err 23 (1.0e-005)
300.761 .... 1001 packets received, 6830 bps, 85.38%, Err 23 (9.9e-006)
302.921 .... 1009 packets received, 6835 bps, 85.44%, Err 23 (9.8e-006)
305.071 .... 1017 packets received, 6841 bps, 85.51%, Err 23 (9.8e-006)
307.248 .... 1025 packets received, 6846 bps, 85.57%, Err 23 (9.7e-006)
309.386 .... 1033 packets received, 6852 bps, 85.64%, Err 24 (1.0e-005)
314.344 .... 1040 packets received, 6789 bps, 84.86%, Err 26 (1.1e-005)
316.454 .... 1052 packets received, 6821 bps, 85.27%, Err 26 (1.1e-005)
318.584 .... 1060 packets received, 6827 bps, 85.34%, Err 26 (1.1e-005)
322.436 .... 1063 packets received, 6765 bps, 84.56%, Err 27 (1.1e-005)
324.564 .... 1074 packets received, 6790 bps, 84.87%, Err 27 (1.1e-005)
326.706 .... 1082 packets received, 6795 bps, 84.94%, Err 27 (1.1e-005)
328.832 .... 1090 packets received, 6801 bps, 85.02%, Err 27 (1.1e-005)
330.993 .... 1098 packets received, 6806 bps, 85.08%, Err 27 (1.1e-005)
333.179 .... 1106 packets received, 6811 bps, 85.14%, Err 27 (1.1e-005)
333.794 ** WARNING: System too busy, sleep 15 ms, but be awakened 78 ms later
335.356 .... 1114 packets received, 6816 bps, 85.19%, Err 27 (1.0e-005)
337.539 .... 1122 packets received, 6820 bps, 85.25%, Err 27 (1.0e-005)
339.688 .... 1130 packets received, 6825 bps, 85.31%, Err 27 (1.0e-005)
341.918 .... 1138 packets received, 6829 bps, 85.36%, Err 27 (1.0e-005)
344.115 .... 1146 packets received, 6833 bps, 85.41%, Err 27 (1.0e-005)
346.355 .... 1154 packets received, 6836 bps, 85.45%, Err 27 (1.0e-005)
348.530 .... 1162 packets received, 6840 bps, 85.50%, Err 27 (1.0e-005)
350.080 ** WARNING: System too busy, sleep 15 ms, but be awakened 76 ms later
350.540 .... 1169 packets received, 6842 bps, 85.52%, Err 27 (1.0e-005)
352.704 .... 1177 packets received, 6846 bps, 85.58%, Err 27 (9.9e-006)
353.397 ** WARNING: System too busy, sleep 15 ms, but be awakened 103 ms later
354.881 .... 1184 packets received, 6845 bps, 85.56%, Err 27 (9.9e-006)
1801.066 ** WARNING: System too busy, sleep 15 ms, but be awakened 1445942 ms later
1803.146 .... 1186 packets received, 1348 bps, 16.84%, Err 27 (9.8e-006)
1806.191 .... 1187 packets received, 1346 bps, 16.83%, Err 27 (9.8e-006)
1809.248 ** WARNING: System too busy, sleep 15 ms, but be awakened 76 ms later
1810.578 .... 1188 packets received, 1344 bps, 16.80%, Err 28 (1.0e-005)
1813.877 .... 1189 packets received, 1343 bps, 16.79%, Err 28 (1.0e-005)
1815.910 .... 1192 packets received, 1345 bps, 16.81%, Err 28 (1.0e-005)
1817.416 ** WARNING: System too busy, sleep 15 ms, but be awakened 66 ms later
1818.549 .... 1199 packets received, 1351 bps, 16.88%, Err 28 (9.9e-006)
1820.712 .... 1208 packets received, 1359 bps, 16.99%, Err 28 (9.9e-006)
1822.915 .... 1216 packets received, 1367 bps, 17.08%, Err 28 (9.8e-006)
1825.128 .... 1224 packets received, 1374 bps, 17.17%, Err 28 (9.8e-006)
1827.329 .... 1232 packets received, 1381 bps, 17.27%, Err 29 (1.0e-005)
